2024-01-05 19:09:27 [127.0.0.1][-][-][error][yii\base\UnknownPropertyException] yii\base\UnknownPropertyException: Setting unknown property: yii\rest\UrlRule::0 in C:\wamp64\www\PWS\2Ano\SIS\API\SISPSI\vendor\yiisoft\yii2\base\BaseObject.php:163
Stack trace:
#0 C:\wamp64\www\PWS\2Ano\SIS\API\SISPSI\vendor\yiisoft\yii2\BaseYii.php(558): yii\base\BaseObject->__set('0', Array)
#1 C:\wamp64\www\PWS\2Ano\SIS\API\SISPSI\vendor\yiisoft\yii2\base\BaseObject.php(107): yii\BaseYii::configure(Object(yii\rest\UrlRule), Array)
#2 [internal function]: yii\base\BaseObject->__construct(Array)
#3 C:\wamp64\www\PWS\2Ano\SIS\API\SISPSI\vendor\yiisoft\yii2\di\Container.php(419): ReflectionClass->newInstanceArgs(Array)
#4 C:\wamp64\www\PWS\2Ano\SIS\API\SISPSI\vendor\yiisoft\yii2\di\Container.php(170): yii\di\Container->build('yii\\rest\\UrlRul...', Array, Array)
#5 C:\wamp64\www\PWS\2Ano\SIS\API\SISPSI\vendor\yiisoft\yii2\BaseYii.php(365): yii\di\Container->get('yii\\rest\\UrlRul...', Array, Array)
#6 C:\wamp64\www\PWS\2Ano\SIS\API\SISPSI\vendor\yiisoft\yii2\web\UrlManager.php(246): yii\BaseYii::createObject(Array)
#7 C:\wamp64\www\PWS\2Ano\SIS\API\SISPSI\vendor\yiisoft\yii2\web\UrlManager.php(190): yii\web\UrlManager->buildRules(Array)
#8 C:\wamp64\www\PWS\2Ano\SIS\API\SISPSI\vendor\yiisoft\yii2\base\BaseObject.php(109): yii\web\UrlManager->init()
#9 [internal function]: yii\base\BaseObject->__construct(Array)
#10 C:\wamp64\www\PWS\2Ano\SIS\API\SISPSI\vendor\yiisoft\yii2\di\Container.php(419): ReflectionClass->newInstanceArgs(Array)
#11 C:\wamp64\www\PWS\2Ano\SIS\API\SISPSI\vendor\yiisoft\yii2\di\Container.php(170): yii\di\Container->build('yii\\web\\UrlMana...', Array, Array)
#12 C:\wamp64\www\PWS\2Ano\SIS\API\SISPSI\vendor\yiisoft\yii2\BaseYii.php(365): yii\di\Container->get('yii\\web\\UrlMana...', Array, Array)
#13 C:\wamp64\www\PWS\2Ano\SIS\API\SISPSI\vendor\yiisoft\yii2\di\ServiceLocator.php(137): yii\BaseYii::createObject(Array)
#14 C:\wamp64\www\PWS\2Ano\SIS\API\SISPSI\vendor\yiisoft\yii2\base\Module.php(766): yii\di\ServiceLocator->get('urlManager', true)
#15 C:\wamp64\www\PWS\2Ano\SIS\API\SISPSI\vendor\yiisoft\yii2\base\Application.php(569): yii\base\Module->get('urlManager')
#16 C:\wamp64\www\PWS\2Ano\SIS\API\SISPSI\vendor\yiisoft\yii2-debug\src\Module.php(284): yii\base\Application->getUrlManager()
#17 C:\wamp64\www\PWS\2Ano\SIS\API\SISPSI\vendor\yiisoft\yii2\base\Application.php(325): yii\debug\Module->bootstrap(Object(yii\web\Application))
#18 C:\wamp64\www\PWS\2Ano\SIS\API\SISPSI\vendor\yiisoft\yii2\web\Application.php(69): yii\base\Application->bootstrap()
#19 C:\wamp64\www\PWS\2Ano\SIS\API\SISPSI\vendor\yiisoft\yii2\base\Application.php(271): yii\web\Application->bootstrap()
#20 C:\wamp64\www\PWS\2Ano\SIS\API\SISPSI\vendor\yiisoft\yii2\base\BaseObject.php(109): yii\base\Application->init()
#21 C:\wamp64\www\PWS\2Ano\SIS\API\SISPSI\vendor\yiisoft\yii2\base\Application.php(204): yii\base\BaseObject->__construct(Array)
#22 C:\wamp64\www\PWS\2Ano\SIS\API\SISPSI\backend\web\index.php(18): yii\base\Application->__construct(Array)
#23 {main}
2024-01-05 19:09:27 [127.0.0.1][-][-][info][application] $_GET = [
    'auth-access' => 'xJSw8AaLJOaKHsYi9u7zDKgg1UwlGhIo'
]

$_POST = []

$_FILES = []

$_COOKIE = []

$_SERVER = [
    'REDIRECT_STATUS' => '200'
    'HTTP_HOST' => '127.0.0.1'
    'HTTP_USER_AGENT' => 'insomnia/2022.7.5'
    'HTTP_ACCEPT' => '*/*'
    'PATH' => 'C:\\Program Files\\Common Files\\Oracle\\Java\\javapath;C:\\Program Files (x86)\\VMware\\VMware Workstation\\bin\\;C:\\Windows\\system32;C:\\Windows;C:\\Windows\\System32\\Wbem;C:\\Windows\\System32\\WindowsPowerShell\\v1.0\\;C:\\Windows\\System32\\OpenSSH\\;C:\\Program Files\\Git\\cmd;C:\\Program Files\\Docker\\Docker\\resources\\bin;C:\\Program Files\\NVIDIA Corporation\\NVIDIA NvDLISR;C:\\Program Files (x86)\\NVIDIA Corporation\\PhysX\\Common;C:\\ProgramData\\chocolatey\\bin;C:\\Code\\Prog\\CMake\\cmake\\bin;C:\\Code\\Prog\\MinGW\\mingw\\bin;C:\\Program Files\\Microsoft SQL Server\\150\\Tools\\Binn\\;C:\\Program Files\\Microsoft SQL Server\\Client SDK\\ODBC\\170\\Tools\\Binn\\;C:\\Program Files\\dotnet\\;C:\\xampp\\php;C:\\composer;C:\\Program Files\\nodejs\\;C:\\MinGW\\bin;C:\\Program Files\\starship\\bin\\;C:\\Program Files\\MySQL\\MySQL Workbench 8.0 CE\\;C:\\Program Files\\CMake\\bin;C:\\Program Files (x86)\\Microsoft SQL Server\\160\\Tools\\Binn\\;C:\\Program Files\\Microsoft SQL Server\\160\\Tools\\Binn\\;C:\\Program Files\\Microsoft SQL Server\\160\\DTS\\Binn\\;C:\\Program Files\\Gradle\\gradle-8.3\\bin;C:\\Program Files\\PowerShell\\7-preview\\preview;C:\\Program Files\\PowerShell\\7\\;C:\\Program Files\\mosquitto;C:\\Windows\\system32\\config\\systemprofile\\AppData\\Local\\Microsoft\\WindowsApps'
    'SystemRoot' => 'C:\\Windows'
    'COMSPEC' => 'C:\\Windows\\system32\\cmd.exe'
    'PATHEXT' => '.COM;.EXE;.BAT;.CMD;.VBS;.VBE;.JS;.JSE;.WSF;.WSH;.MSC'
    'WINDIR' => 'C:\\Windows'
    'SERVER_SIGNATURE' => '<address>Apache/2.4.54 (Win64) PHP/8.2.0 mod_fcgid/2.3.10-dev Server at 127.0.0.1 Port 80</address>
'
    'SERVER_SOFTWARE' => 'Apache/2.4.54 (Win64) PHP/8.2.0 mod_fcgid/2.3.10-dev'
    'SERVER_NAME' => '127.0.0.1'
    'SERVER_ADDR' => '127.0.0.1'
    'SERVER_PORT' => '80'
    'REMOTE_ADDR' => '127.0.0.1'
    'DOCUMENT_ROOT' => 'C:/wamp64/www'
    'REQUEST_SCHEME' => 'http'
    'CONTEXT_PREFIX' => ''
    'CONTEXT_DOCUMENT_ROOT' => 'C:/wamp64/www'
    'SERVER_ADMIN' => 'wampserver@wampserver.invalid'
    'SCRIPT_FILENAME' => 'C:/wamp64/www/PWS/2Ano/SIS/API/SISPSI/backend/web/index.php'
    'REMOTE_PORT' => '50282'
    'REDIRECT_URL' => '/PWS/2Ano/SIS/API/SISPSI/backend/web/api/courses/search/Curso/Curso/2/9'
    'REDIRECT_QUERY_STRING' => 'auth-access=xJSw8AaLJOaKHsYi9u7zDKgg1UwlGhIo'
    'GATEWAY_INTERFACE' => 'CGI/1.1'
    'SERVER_PROTOCOL' => 'HTTP/1.1'
    'REQUEST_METHOD' => 'GET'
    'QUERY_STRING' => 'auth-access=xJSw8AaLJOaKHsYi9u7zDKgg1UwlGhIo'
    'REQUEST_URI' => '/PWS/2Ano/SIS/API/SISPSI/backend/web/api/courses/search/Curso/Curso/2/9?auth-access=xJSw8AaLJOaKHsYi9u7zDKgg1UwlGhIo'
    'SCRIPT_NAME' => '/PWS/2Ano/SIS/API/SISPSI/backend/web/index.php'
    'PHP_SELF' => '/PWS/2Ano/SIS/API/SISPSI/backend/web/index.php'
    'REQUEST_TIME_FLOAT' => 1704481767.0406
    'REQUEST_TIME' => 1704481767
]
2024-01-05 19:09:28 [127.0.0.1][-][-][error][yii\base\UnknownPropertyException] yii\base\UnknownPropertyException: Setting unknown property: yii\rest\UrlRule::0 in C:\wamp64\www\PWS\2Ano\SIS\API\SISPSI\vendor\yiisoft\yii2\base\BaseObject.php:163
Stack trace:
#0 C:\wamp64\www\PWS\2Ano\SIS\API\SISPSI\vendor\yiisoft\yii2\BaseYii.php(558): yii\base\BaseObject->__set('0', Array)
#1 C:\wamp64\www\PWS\2Ano\SIS\API\SISPSI\vendor\yiisoft\yii2\base\BaseObject.php(107): yii\BaseYii::configure(Object(yii\rest\UrlRule), Array)
#2 [internal function]: yii\base\BaseObject->__construct(Array)
#3 C:\wamp64\www\PWS\2Ano\SIS\API\SISPSI\vendor\yiisoft\yii2\di\Container.php(419): ReflectionClass->newInstanceArgs(Array)
#4 C:\wamp64\www\PWS\2Ano\SIS\API\SISPSI\vendor\yiisoft\yii2\di\Container.php(170): yii\di\Container->build('yii\\rest\\UrlRul...', Array, Array)
#5 C:\wamp64\www\PWS\2Ano\SIS\API\SISPSI\vendor\yiisoft\yii2\BaseYii.php(365): yii\di\Container->get('yii\\rest\\UrlRul...', Array, Array)
#6 C:\wamp64\www\PWS\2Ano\SIS\API\SISPSI\vendor\yiisoft\yii2\web\UrlManager.php(246): yii\BaseYii::createObject(Array)
#7 C:\wamp64\www\PWS\2Ano\SIS\API\SISPSI\vendor\yiisoft\yii2\web\UrlManager.php(190): yii\web\UrlManager->buildRules(Array)
#8 C:\wamp64\www\PWS\2Ano\SIS\API\SISPSI\vendor\yiisoft\yii2\base\BaseObject.php(109): yii\web\UrlManager->init()
#9 [internal function]: yii\base\BaseObject->__construct(Array)
#10 C:\wamp64\www\PWS\2Ano\SIS\API\SISPSI\vendor\yiisoft\yii2\di\Container.php(419): ReflectionClass->newInstanceArgs(Array)
#11 C:\wamp64\www\PWS\2Ano\SIS\API\SISPSI\vendor\yiisoft\yii2\di\Container.php(170): yii\di\Container->build('yii\\web\\UrlMana...', Array, Array)
#12 C:\wamp64\www\PWS\2Ano\SIS\API\SISPSI\vendor\yiisoft\yii2\BaseYii.php(365): yii\di\Container->get('yii\\web\\UrlMana...', Array, Array)
#13 C:\wamp64\www\PWS\2Ano\SIS\API\SISPSI\vendor\yiisoft\yii2\di\ServiceLocator.php(137): yii\BaseYii::createObject(Array)
#14 C:\wamp64\www\PWS\2Ano\SIS\API\SISPSI\vendor\yiisoft\yii2\base\Module.php(766): yii\di\ServiceLocator->get('urlManager', true)
#15 C:\wamp64\www\PWS\2Ano\SIS\API\SISPSI\vendor\yiisoft\yii2\base\Application.php(569): yii\base\Module->get('urlManager')
#16 C:\wamp64\www\PWS\2Ano\SIS\API\SISPSI\vendor\yiisoft\yii2-debug\src\Module.php(284): yii\base\Application->getUrlManager()
#17 C:\wamp64\www\PWS\2Ano\SIS\API\SISPSI\vendor\yiisoft\yii2\base\Application.php(325): yii\debug\Module->bootstrap(Object(yii\web\Application))
#18 C:\wamp64\www\PWS\2Ano\SIS\API\SISPSI\vendor\yiisoft\yii2\web\Application.php(69): yii\base\Application->bootstrap()
#19 C:\wamp64\www\PWS\2Ano\SIS\API\SISPSI\vendor\yiisoft\yii2\base\Application.php(271): yii\web\Application->bootstrap()
#20 C:\wamp64\www\PWS\2Ano\SIS\API\SISPSI\vendor\yiisoft\yii2\base\BaseObject.php(109): yii\base\Application->init()
#21 C:\wamp64\www\PWS\2Ano\SIS\API\SISPSI\vendor\yiisoft\yii2\base\Application.php(204): yii\base\BaseObject->__construct(Array)
#22 C:\wamp64\www\PWS\2Ano\SIS\API\SISPSI\backend\web\index.php(18): yii\base\Application->__construct(Array)
#23 {main}
2024-01-05 19:09:28 [127.0.0.1][-][-][info][application] $_GET = [
    'auth-access' => 'xJSw8AaLJOaKHsYi9u7zDKgg1UwlGhIo'
]

$_POST = []

$_FILES = []

$_COOKIE = []

$_SERVER = [
    'REDIRECT_STATUS' => '200'
    'HTTP_HOST' => '127.0.0.1'
    'HTTP_USER_AGENT' => 'insomnia/2022.7.5'
    'HTTP_ACCEPT' => '*/*'
    'PATH' => 'C:\\Program Files\\Common Files\\Oracle\\Java\\javapath;C:\\Program Files (x86)\\VMware\\VMware Workstation\\bin\\;C:\\Windows\\system32;C:\\Windows;C:\\Windows\\System32\\Wbem;C:\\Windows\\System32\\WindowsPowerShell\\v1.0\\;C:\\Windows\\System32\\OpenSSH\\;C:\\Program Files\\Git\\cmd;C:\\Program Files\\Docker\\Docker\\resources\\bin;C:\\Program Files\\NVIDIA Corporation\\NVIDIA NvDLISR;C:\\Program Files (x86)\\NVIDIA Corporation\\PhysX\\Common;C:\\ProgramData\\chocolatey\\bin;C:\\Code\\Prog\\CMake\\cmake\\bin;C:\\Code\\Prog\\MinGW\\mingw\\bin;C:\\Program Files\\Microsoft SQL Server\\150\\Tools\\Binn\\;C:\\Program Files\\Microsoft SQL Server\\Client SDK\\ODBC\\170\\Tools\\Binn\\;C:\\Program Files\\dotnet\\;C:\\xampp\\php;C:\\composer;C:\\Program Files\\nodejs\\;C:\\MinGW\\bin;C:\\Program Files\\starship\\bin\\;C:\\Program Files\\MySQL\\MySQL Workbench 8.0 CE\\;C:\\Program Files\\CMake\\bin;C:\\Program Files (x86)\\Microsoft SQL Server\\160\\Tools\\Binn\\;C:\\Program Files\\Microsoft SQL Server\\160\\Tools\\Binn\\;C:\\Program Files\\Microsoft SQL Server\\160\\DTS\\Binn\\;C:\\Program Files\\Gradle\\gradle-8.3\\bin;C:\\Program Files\\PowerShell\\7-preview\\preview;C:\\Program Files\\PowerShell\\7\\;C:\\Program Files\\mosquitto;C:\\Windows\\system32\\config\\systemprofile\\AppData\\Local\\Microsoft\\WindowsApps'
    'SystemRoot' => 'C:\\Windows'
    'COMSPEC' => 'C:\\Windows\\system32\\cmd.exe'
    'PATHEXT' => '.COM;.EXE;.BAT;.CMD;.VBS;.VBE;.JS;.JSE;.WSF;.WSH;.MSC'
    'WINDIR' => 'C:\\Windows'
    'SERVER_SIGNATURE' => '<address>Apache/2.4.54 (Win64) PHP/8.2.0 mod_fcgid/2.3.10-dev Server at 127.0.0.1 Port 80</address>
'
    'SERVER_SOFTWARE' => 'Apache/2.4.54 (Win64) PHP/8.2.0 mod_fcgid/2.3.10-dev'
    'SERVER_NAME' => '127.0.0.1'
    'SERVER_ADDR' => '127.0.0.1'
    'SERVER_PORT' => '80'
    'REMOTE_ADDR' => '127.0.0.1'
    'DOCUMENT_ROOT' => 'C:/wamp64/www'
    'REQUEST_SCHEME' => 'http'
    'CONTEXT_PREFIX' => ''
    'CONTEXT_DOCUMENT_ROOT' => 'C:/wamp64/www'
    'SERVER_ADMIN' => 'wampserver@wampserver.invalid'
    'SCRIPT_FILENAME' => 'C:/wamp64/www/PWS/2Ano/SIS/API/SISPSI/backend/web/index.php'
    'REMOTE_PORT' => '50283'
    'REDIRECT_URL' => '/PWS/2Ano/SIS/API/SISPSI/backend/web/api/courses/search/Curso/Curso/2/9'
    'REDIRECT_QUERY_STRING' => 'auth-access=xJSw8AaLJOaKHsYi9u7zDKgg1UwlGhIo'
    'GATEWAY_INTERFACE' => 'CGI/1.1'
    'SERVER_PROTOCOL' => 'HTTP/1.1'
    'REQUEST_METHOD' => 'GET'
    'QUERY_STRING' => 'auth-access=xJSw8AaLJOaKHsYi9u7zDKgg1UwlGhIo'
    'REQUEST_URI' => '/PWS/2Ano/SIS/API/SISPSI/backend/web/api/courses/search/Curso/Curso/2/9?auth-access=xJSw8AaLJOaKHsYi9u7zDKgg1UwlGhIo'
    'SCRIPT_NAME' => '/PWS/2Ano/SIS/API/SISPSI/backend/web/index.php'
    'PHP_SELF' => '/PWS/2Ano/SIS/API/SISPSI/backend/web/index.php'
    'REQUEST_TIME_FLOAT' => 1704481768.9379
    'REQUEST_TIME' => 1704481768
]
2024-01-05 19:10:34 [127.0.0.1][-][-][error][yii\base\UnknownPropertyException] yii\base\UnknownPropertyException: Setting unknown property: yii\rest\UrlRule::0 in C:\wamp64\www\PWS\2Ano\SIS\API\SISPSI\vendor\yiisoft\yii2\base\BaseObject.php:163
Stack trace:
#0 C:\wamp64\www\PWS\2Ano\SIS\API\SISPSI\vendor\yiisoft\yii2\BaseYii.php(558): yii\base\BaseObject->__set('0', Array)
#1 C:\wamp64\www\PWS\2Ano\SIS\API\SISPSI\vendor\yiisoft\yii2\base\BaseObject.php(107): yii\BaseYii::configure(Object(yii\rest\UrlRule), Array)
#2 [internal function]: yii\base\BaseObject->__construct(Array)
#3 C:\wamp64\www\PWS\2Ano\SIS\API\SISPSI\vendor\yiisoft\yii2\di\Container.php(419): ReflectionClass->newInstanceArgs(Array)
#4 C:\wamp64\www\PWS\2Ano\SIS\API\SISPSI\vendor\yiisoft\yii2\di\Container.php(170): yii\di\Container->build('yii\\rest\\UrlRul...', Array, Array)
#5 C:\wamp64\www\PWS\2Ano\SIS\API\SISPSI\vendor\yiisoft\yii2\BaseYii.php(365): yii\di\Container->get('yii\\rest\\UrlRul...', Array, Array)
#6 C:\wamp64\www\PWS\2Ano\SIS\API\SISPSI\vendor\yiisoft\yii2\web\UrlManager.php(246): yii\BaseYii::createObject(Array)
#7 C:\wamp64\www\PWS\2Ano\SIS\API\SISPSI\vendor\yiisoft\yii2\web\UrlManager.php(190): yii\web\UrlManager->buildRules(Array)
#8 C:\wamp64\www\PWS\2Ano\SIS\API\SISPSI\vendor\yiisoft\yii2\base\BaseObject.php(109): yii\web\UrlManager->init()
#9 [internal function]: yii\base\BaseObject->__construct(Array)
#10 C:\wamp64\www\PWS\2Ano\SIS\API\SISPSI\vendor\yiisoft\yii2\di\Container.php(419): ReflectionClass->newInstanceArgs(Array)
#11 C:\wamp64\www\PWS\2Ano\SIS\API\SISPSI\vendor\yiisoft\yii2\di\Container.php(170): yii\di\Container->build('yii\\web\\UrlMana...', Array, Array)
#12 C:\wamp64\www\PWS\2Ano\SIS\API\SISPSI\vendor\yiisoft\yii2\BaseYii.php(365): yii\di\Container->get('yii\\web\\UrlMana...', Array, Array)
#13 C:\wamp64\www\PWS\2Ano\SIS\API\SISPSI\vendor\yiisoft\yii2\di\ServiceLocator.php(137): yii\BaseYii::createObject(Array)
#14 C:\wamp64\www\PWS\2Ano\SIS\API\SISPSI\vendor\yiisoft\yii2\base\Module.php(766): yii\di\ServiceLocator->get('urlManager', true)
#15 C:\wamp64\www\PWS\2Ano\SIS\API\SISPSI\vendor\yiisoft\yii2\base\Application.php(569): yii\base\Module->get('urlManager')
#16 C:\wamp64\www\PWS\2Ano\SIS\API\SISPSI\vendor\yiisoft\yii2-debug\src\Module.php(284): yii\base\Application->getUrlManager()
#17 C:\wamp64\www\PWS\2Ano\SIS\API\SISPSI\vendor\yiisoft\yii2\base\Application.php(325): yii\debug\Module->bootstrap(Object(yii\web\Application))
#18 C:\wamp64\www\PWS\2Ano\SIS\API\SISPSI\vendor\yiisoft\yii2\web\Application.php(69): yii\base\Application->bootstrap()
#19 C:\wamp64\www\PWS\2Ano\SIS\API\SISPSI\vendor\yiisoft\yii2\base\Application.php(271): yii\web\Application->bootstrap()
#20 C:\wamp64\www\PWS\2Ano\SIS\API\SISPSI\vendor\yiisoft\yii2\base\BaseObject.php(109): yii\base\Application->init()
#21 C:\wamp64\www\PWS\2Ano\SIS\API\SISPSI\vendor\yiisoft\yii2\base\Application.php(204): yii\base\BaseObject->__construct(Array)
#22 C:\wamp64\www\PWS\2Ano\SIS\API\SISPSI\backend\web\index.php(18): yii\base\Application->__construct(Array)
#23 {main}
2024-01-05 19:10:34 [127.0.0.1][-][-][info][application] $_GET = [
    'auth-access' => 'xJSw8AaLJOaKHsYi9u7zDKgg1UwlGhIo'
]

$_POST = []

$_FILES = []

$_COOKIE = []

$_SERVER = [
    'REDIRECT_STATUS' => '200'
    'HTTP_HOST' => '127.0.0.1'
    'HTTP_USER_AGENT' => 'insomnia/2022.7.5'
    'HTTP_ACCEPT' => '*/*'
    'PATH' => 'C:\\Program Files\\Common Files\\Oracle\\Java\\javapath;C:\\Program Files (x86)\\VMware\\VMware Workstation\\bin\\;C:\\Windows\\system32;C:\\Windows;C:\\Windows\\System32\\Wbem;C:\\Windows\\System32\\WindowsPowerShell\\v1.0\\;C:\\Windows\\System32\\OpenSSH\\;C:\\Program Files\\Git\\cmd;C:\\Program Files\\Docker\\Docker\\resources\\bin;C:\\Program Files\\NVIDIA Corporation\\NVIDIA NvDLISR;C:\\Program Files (x86)\\NVIDIA Corporation\\PhysX\\Common;C:\\ProgramData\\chocolatey\\bin;C:\\Code\\Prog\\CMake\\cmake\\bin;C:\\Code\\Prog\\MinGW\\mingw\\bin;C:\\Program Files\\Microsoft SQL Server\\150\\Tools\\Binn\\;C:\\Program Files\\Microsoft SQL Server\\Client SDK\\ODBC\\170\\Tools\\Binn\\;C:\\Program Files\\dotnet\\;C:\\xampp\\php;C:\\composer;C:\\Program Files\\nodejs\\;C:\\MinGW\\bin;C:\\Program Files\\starship\\bin\\;C:\\Program Files\\MySQL\\MySQL Workbench 8.0 CE\\;C:\\Program Files\\CMake\\bin;C:\\Program Files (x86)\\Microsoft SQL Server\\160\\Tools\\Binn\\;C:\\Program Files\\Microsoft SQL Server\\160\\Tools\\Binn\\;C:\\Program Files\\Microsoft SQL Server\\160\\DTS\\Binn\\;C:\\Program Files\\Gradle\\gradle-8.3\\bin;C:\\Program Files\\PowerShell\\7-preview\\preview;C:\\Program Files\\PowerShell\\7\\;C:\\Program Files\\mosquitto;C:\\Windows\\system32\\config\\systemprofile\\AppData\\Local\\Microsoft\\WindowsApps'
    'SystemRoot' => 'C:\\Windows'
    'COMSPEC' => 'C:\\Windows\\system32\\cmd.exe'
    'PATHEXT' => '.COM;.EXE;.BAT;.CMD;.VBS;.VBE;.JS;.JSE;.WSF;.WSH;.MSC'
    'WINDIR' => 'C:\\Windows'
    'SERVER_SIGNATURE' => '<address>Apache/2.4.54 (Win64) PHP/8.2.0 mod_fcgid/2.3.10-dev Server at 127.0.0.1 Port 80</address>
'
    'SERVER_SOFTWARE' => 'Apache/2.4.54 (Win64) PHP/8.2.0 mod_fcgid/2.3.10-dev'
    'SERVER_NAME' => '127.0.0.1'
    'SERVER_ADDR' => '127.0.0.1'
    'SERVER_PORT' => '80'
    'REMOTE_ADDR' => '127.0.0.1'
    'DOCUMENT_ROOT' => 'C:/wamp64/www'
    'REQUEST_SCHEME' => 'http'
    'CONTEXT_PREFIX' => ''
    'CONTEXT_DOCUMENT_ROOT' => 'C:/wamp64/www'
    'SERVER_ADMIN' => 'wampserver@wampserver.invalid'
    'SCRIPT_FILENAME' => 'C:/wamp64/www/PWS/2Ano/SIS/API/SISPSI/backend/web/index.php'
    'REMOTE_PORT' => '50296'
    'REDIRECT_URL' => '/PWS/2Ano/SIS/API/SISPSI/backend/web/api/courses/search/Curso/Curso/2/9'
    'REDIRECT_QUERY_STRING' => 'auth-access=xJSw8AaLJOaKHsYi9u7zDKgg1UwlGhIo'
    'GATEWAY_INTERFACE' => 'CGI/1.1'
    'SERVER_PROTOCOL' => 'HTTP/1.1'
    'REQUEST_METHOD' => 'GET'
    'QUERY_STRING' => 'auth-access=xJSw8AaLJOaKHsYi9u7zDKgg1UwlGhIo'
    'REQUEST_URI' => '/PWS/2Ano/SIS/API/SISPSI/backend/web/api/courses/search/Curso/Curso/2/9?auth-access=xJSw8AaLJOaKHsYi9u7zDKgg1UwlGhIo'
    'SCRIPT_NAME' => '/PWS/2Ano/SIS/API/SISPSI/backend/web/index.php'
    'PHP_SELF' => '/PWS/2Ano/SIS/API/SISPSI/backend/web/index.php'
    'REQUEST_TIME_FLOAT' => 1704481834.6447
    'REQUEST_TIME' => 1704481834
]
2024-01-05 19:11:23 [127.0.0.1][-][-][error][yii\base\UnknownPropertyException] yii\base\UnknownPropertyException: Setting unknown property: yii\rest\UrlRule::0 in C:\wamp64\www\PWS\2Ano\SIS\API\SISPSI\vendor\yiisoft\yii2\base\BaseObject.php:163
Stack trace:
#0 C:\wamp64\www\PWS\2Ano\SIS\API\SISPSI\vendor\yiisoft\yii2\BaseYii.php(558): yii\base\BaseObject->__set('0', Array)
#1 C:\wamp64\www\PWS\2Ano\SIS\API\SISPSI\vendor\yiisoft\yii2\base\BaseObject.php(107): yii\BaseYii::configure(Object(yii\rest\UrlRule), Array)
#2 [internal function]: yii\base\BaseObject->__construct(Array)
#3 C:\wamp64\www\PWS\2Ano\SIS\API\SISPSI\vendor\yiisoft\yii2\di\Container.php(419): ReflectionClass->newInstanceArgs(Array)
#4 C:\wamp64\www\PWS\2Ano\SIS\API\SISPSI\vendor\yiisoft\yii2\di\Container.php(170): yii\di\Container->build('yii\\rest\\UrlRul...', Array, Array)
#5 C:\wamp64\www\PWS\2Ano\SIS\API\SISPSI\vendor\yiisoft\yii2\BaseYii.php(365): yii\di\Container->get('yii\\rest\\UrlRul...', Array, Array)
#6 C:\wamp64\www\PWS\2Ano\SIS\API\SISPSI\vendor\yiisoft\yii2\web\UrlManager.php(246): yii\BaseYii::createObject(Array)
#7 C:\wamp64\www\PWS\2Ano\SIS\API\SISPSI\vendor\yiisoft\yii2\web\UrlManager.php(190): yii\web\UrlManager->buildRules(Array)
#8 C:\wamp64\www\PWS\2Ano\SIS\API\SISPSI\vendor\yiisoft\yii2\base\BaseObject.php(109): yii\web\UrlManager->init()
#9 [internal function]: yii\base\BaseObject->__construct(Array)
#10 C:\wamp64\www\PWS\2Ano\SIS\API\SISPSI\vendor\yiisoft\yii2\di\Container.php(419): ReflectionClass->newInstanceArgs(Array)
#11 C:\wamp64\www\PWS\2Ano\SIS\API\SISPSI\vendor\yiisoft\yii2\di\Container.php(170): yii\di\Container->build('yii\\web\\UrlMana...', Array, Array)
#12 C:\wamp64\www\PWS\2Ano\SIS\API\SISPSI\vendor\yiisoft\yii2\BaseYii.php(365): yii\di\Container->get('yii\\web\\UrlMana...', Array, Array)
#13 C:\wamp64\www\PWS\2Ano\SIS\API\SISPSI\vendor\yiisoft\yii2\di\ServiceLocator.php(137): yii\BaseYii::createObject(Array)
#14 C:\wamp64\www\PWS\2Ano\SIS\API\SISPSI\vendor\yiisoft\yii2\base\Module.php(766): yii\di\ServiceLocator->get('urlManager', true)
#15 C:\wamp64\www\PWS\2Ano\SIS\API\SISPSI\vendor\yiisoft\yii2\base\Application.php(569): yii\base\Module->get('urlManager')
#16 C:\wamp64\www\PWS\2Ano\SIS\API\SISPSI\vendor\yiisoft\yii2-debug\src\Module.php(284): yii\base\Application->getUrlManager()
#17 C:\wamp64\www\PWS\2Ano\SIS\API\SISPSI\vendor\yiisoft\yii2\base\Application.php(325): yii\debug\Module->bootstrap(Object(yii\web\Application))
#18 C:\wamp64\www\PWS\2Ano\SIS\API\SISPSI\vendor\yiisoft\yii2\web\Application.php(69): yii\base\Application->bootstrap()
#19 C:\wamp64\www\PWS\2Ano\SIS\API\SISPSI\vendor\yiisoft\yii2\base\Application.php(271): yii\web\Application->bootstrap()
#20 C:\wamp64\www\PWS\2Ano\SIS\API\SISPSI\vendor\yiisoft\yii2\base\BaseObject.php(109): yii\base\Application->init()
#21 C:\wamp64\www\PWS\2Ano\SIS\API\SISPSI\vendor\yiisoft\yii2\base\Application.php(204): yii\base\BaseObject->__construct(Array)
#22 C:\wamp64\www\PWS\2Ano\SIS\API\SISPSI\backend\web\index.php(18): yii\base\Application->__construct(Array)
#23 {main}
2024-01-05 19:11:23 [127.0.0.1][-][-][info][application] $_GET = [
    'auth-access' => 'xJSw8AaLJOaKHsYi9u7zDKgg1UwlGhIo'
]

$_POST = []

$_FILES = []

$_COOKIE = []

$_SERVER = [
    'REDIRECT_STATUS' => '200'
    'HTTP_HOST' => '127.0.0.1'
    'HTTP_USER_AGENT' => 'insomnia/2022.7.5'
    'HTTP_ACCEPT' => '*/*'
    'PATH' => 'C:\\Program Files\\Common Files\\Oracle\\Java\\javapath;C:\\Program Files (x86)\\VMware\\VMware Workstation\\bin\\;C:\\Windows\\system32;C:\\Windows;C:\\Windows\\System32\\Wbem;C:\\Windows\\System32\\WindowsPowerShell\\v1.0\\;C:\\Windows\\System32\\OpenSSH\\;C:\\Program Files\\Git\\cmd;C:\\Program Files\\Docker\\Docker\\resources\\bin;C:\\Program Files\\NVIDIA Corporation\\NVIDIA NvDLISR;C:\\Program Files (x86)\\NVIDIA Corporation\\PhysX\\Common;C:\\ProgramData\\chocolatey\\bin;C:\\Code\\Prog\\CMake\\cmake\\bin;C:\\Code\\Prog\\MinGW\\mingw\\bin;C:\\Program Files\\Microsoft SQL Server\\150\\Tools\\Binn\\;C:\\Program Files\\Microsoft SQL Server\\Client SDK\\ODBC\\170\\Tools\\Binn\\;C:\\Program Files\\dotnet\\;C:\\xampp\\php;C:\\composer;C:\\Program Files\\nodejs\\;C:\\MinGW\\bin;C:\\Program Files\\starship\\bin\\;C:\\Program Files\\MySQL\\MySQL Workbench 8.0 CE\\;C:\\Program Files\\CMake\\bin;C:\\Program Files (x86)\\Microsoft SQL Server\\160\\Tools\\Binn\\;C:\\Program Files\\Microsoft SQL Server\\160\\Tools\\Binn\\;C:\\Program Files\\Microsoft SQL Server\\160\\DTS\\Binn\\;C:\\Program Files\\Gradle\\gradle-8.3\\bin;C:\\Program Files\\PowerShell\\7-preview\\preview;C:\\Program Files\\PowerShell\\7\\;C:\\Program Files\\mosquitto;C:\\Windows\\system32\\config\\systemprofile\\AppData\\Local\\Microsoft\\WindowsApps'
    'SystemRoot' => 'C:\\Windows'
    'COMSPEC' => 'C:\\Windows\\system32\\cmd.exe'
    'PATHEXT' => '.COM;.EXE;.BAT;.CMD;.VBS;.VBE;.JS;.JSE;.WSF;.WSH;.MSC'
    'WINDIR' => 'C:\\Windows'
    'SERVER_SIGNATURE' => '<address>Apache/2.4.54 (Win64) PHP/8.2.0 mod_fcgid/2.3.10-dev Server at 127.0.0.1 Port 80</address>
'
    'SERVER_SOFTWARE' => 'Apache/2.4.54 (Win64) PHP/8.2.0 mod_fcgid/2.3.10-dev'
    'SERVER_NAME' => '127.0.0.1'
    'SERVER_ADDR' => '127.0.0.1'
    'SERVER_PORT' => '80'
    'REMOTE_ADDR' => '127.0.0.1'
    'DOCUMENT_ROOT' => 'C:/wamp64/www'
    'REQUEST_SCHEME' => 'http'
    'CONTEXT_PREFIX' => ''
    'CONTEXT_DOCUMENT_ROOT' => 'C:/wamp64/www'
    'SERVER_ADMIN' => 'wampserver@wampserver.invalid'
    'SCRIPT_FILENAME' => 'C:/wamp64/www/PWS/2Ano/SIS/API/SISPSI/backend/web/index.php'
    'REMOTE_PORT' => '50297'
    'REDIRECT_URL' => '/PWS/2Ano/SIS/API/SISPSI/backend/web/api/courses'
    'REDIRECT_QUERY_STRING' => 'auth-access=xJSw8AaLJOaKHsYi9u7zDKgg1UwlGhIo'
    'GATEWAY_INTERFACE' => 'CGI/1.1'
    'SERVER_PROTOCOL' => 'HTTP/1.1'
    'REQUEST_METHOD' => 'GET'
    'QUERY_STRING' => 'auth-access=xJSw8AaLJOaKHsYi9u7zDKgg1UwlGhIo'
    'REQUEST_URI' => '/PWS/2Ano/SIS/API/SISPSI/backend/web/api/courses?auth-access=xJSw8AaLJOaKHsYi9u7zDKgg1UwlGhIo'
    'SCRIPT_NAME' => '/PWS/2Ano/SIS/API/SISPSI/backend/web/index.php'
    'PHP_SELF' => '/PWS/2Ano/SIS/API/SISPSI/backend/web/index.php'
    'REQUEST_TIME_FLOAT' => 1704481883.279
    'REQUEST_TIME' => 1704481883
]
2024-01-05 19:11:46 [127.0.0.1][-][-][error][yii\base\UnknownPropertyException] yii\base\UnknownPropertyException: Setting unknown property: yii\rest\UrlRule::0 in C:\wamp64\www\PWS\2Ano\SIS\API\SISPSI\vendor\yiisoft\yii2\base\BaseObject.php:163
Stack trace:
#0 C:\wamp64\www\PWS\2Ano\SIS\API\SISPSI\vendor\yiisoft\yii2\BaseYii.php(558): yii\base\BaseObject->__set('0', Array)
#1 C:\wamp64\www\PWS\2Ano\SIS\API\SISPSI\vendor\yiisoft\yii2\base\BaseObject.php(107): yii\BaseYii::configure(Object(yii\rest\UrlRule), Array)
#2 [internal function]: yii\base\BaseObject->__construct(Array)
#3 C:\wamp64\www\PWS\2Ano\SIS\API\SISPSI\vendor\yiisoft\yii2\di\Container.php(419): ReflectionClass->newInstanceArgs(Array)
#4 C:\wamp64\www\PWS\2Ano\SIS\API\SISPSI\vendor\yiisoft\yii2\di\Container.php(170): yii\di\Container->build('yii\\rest\\UrlRul...', Array, Array)
#5 C:\wamp64\www\PWS\2Ano\SIS\API\SISPSI\vendor\yiisoft\yii2\BaseYii.php(365): yii\di\Container->get('yii\\rest\\UrlRul...', Array, Array)
#6 C:\wamp64\www\PWS\2Ano\SIS\API\SISPSI\vendor\yiisoft\yii2\web\UrlManager.php(246): yii\BaseYii::createObject(Array)
#7 C:\wamp64\www\PWS\2Ano\SIS\API\SISPSI\vendor\yiisoft\yii2\web\UrlManager.php(190): yii\web\UrlManager->buildRules(Array)
#8 C:\wamp64\www\PWS\2Ano\SIS\API\SISPSI\vendor\yiisoft\yii2\base\BaseObject.php(109): yii\web\UrlManager->init()
#9 [internal function]: yii\base\BaseObject->__construct(Array)
#10 C:\wamp64\www\PWS\2Ano\SIS\API\SISPSI\vendor\yiisoft\yii2\di\Container.php(419): ReflectionClass->newInstanceArgs(Array)
#11 C:\wamp64\www\PWS\2Ano\SIS\API\SISPSI\vendor\yiisoft\yii2\di\Container.php(170): yii\di\Container->build('yii\\web\\UrlMana...', Array, Array)
#12 C:\wamp64\www\PWS\2Ano\SIS\API\SISPSI\vendor\yiisoft\yii2\BaseYii.php(365): yii\di\Container->get('yii\\web\\UrlMana...', Array, Array)
#13 C:\wamp64\www\PWS\2Ano\SIS\API\SISPSI\vendor\yiisoft\yii2\di\ServiceLocator.php(137): yii\BaseYii::createObject(Array)
#14 C:\wamp64\www\PWS\2Ano\SIS\API\SISPSI\vendor\yiisoft\yii2\base\Module.php(766): yii\di\ServiceLocator->get('urlManager', true)
#15 C:\wamp64\www\PWS\2Ano\SIS\API\SISPSI\vendor\yiisoft\yii2\base\Application.php(569): yii\base\Module->get('urlManager')
#16 C:\wamp64\www\PWS\2Ano\SIS\API\SISPSI\vendor\yiisoft\yii2-debug\src\Module.php(284): yii\base\Application->getUrlManager()
#17 C:\wamp64\www\PWS\2Ano\SIS\API\SISPSI\vendor\yiisoft\yii2\base\Application.php(325): yii\debug\Module->bootstrap(Object(yii\web\Application))
#18 C:\wamp64\www\PWS\2Ano\SIS\API\SISPSI\vendor\yiisoft\yii2\web\Application.php(69): yii\base\Application->bootstrap()
#19 C:\wamp64\www\PWS\2Ano\SIS\API\SISPSI\vendor\yiisoft\yii2\base\Application.php(271): yii\web\Application->bootstrap()
#20 C:\wamp64\www\PWS\2Ano\SIS\API\SISPSI\vendor\yiisoft\yii2\base\BaseObject.php(109): yii\base\Application->init()
#21 C:\wamp64\www\PWS\2Ano\SIS\API\SISPSI\vendor\yiisoft\yii2\base\Application.php(204): yii\base\BaseObject->__construct(Array)
#22 C:\wamp64\www\PWS\2Ano\SIS\API\SISPSI\backend\web\index.php(18): yii\base\Application->__construct(Array)
#23 {main}
2024-01-05 19:11:46 [127.0.0.1][-][-][info][application] $_GET = [
    'auth-token' => 'xJSw8AaLJOaKHsYi9u7zDKgg1UwlGhIo'
]

$_POST = []

$_FILES = []

$_COOKIE = []

$_SERVER = [
    'REDIRECT_STATUS' => '200'
    'HTTP_HOST' => '127.0.0.1'
    'HTTP_USER_AGENT' => 'insomnia/2022.7.5'
    'HTTP_ACCEPT' => '*/*'
    'PATH' => 'C:\\Program Files\\Common Files\\Oracle\\Java\\javapath;C:\\Program Files (x86)\\VMware\\VMware Workstation\\bin\\;C:\\Windows\\system32;C:\\Windows;C:\\Windows\\System32\\Wbem;C:\\Windows\\System32\\WindowsPowerShell\\v1.0\\;C:\\Windows\\System32\\OpenSSH\\;C:\\Program Files\\Git\\cmd;C:\\Program Files\\Docker\\Docker\\resources\\bin;C:\\Program Files\\NVIDIA Corporation\\NVIDIA NvDLISR;C:\\Program Files (x86)\\NVIDIA Corporation\\PhysX\\Common;C:\\ProgramData\\chocolatey\\bin;C:\\Code\\Prog\\CMake\\cmake\\bin;C:\\Code\\Prog\\MinGW\\mingw\\bin;C:\\Program Files\\Microsoft SQL Server\\150\\Tools\\Binn\\;C:\\Program Files\\Microsoft SQL Server\\Client SDK\\ODBC\\170\\Tools\\Binn\\;C:\\Program Files\\dotnet\\;C:\\xampp\\php;C:\\composer;C:\\Program Files\\nodejs\\;C:\\MinGW\\bin;C:\\Program Files\\starship\\bin\\;C:\\Program Files\\MySQL\\MySQL Workbench 8.0 CE\\;C:\\Program Files\\CMake\\bin;C:\\Program Files (x86)\\Microsoft SQL Server\\160\\Tools\\Binn\\;C:\\Program Files\\Microsoft SQL Server\\160\\Tools\\Binn\\;C:\\Program Files\\Microsoft SQL Server\\160\\DTS\\Binn\\;C:\\Program Files\\Gradle\\gradle-8.3\\bin;C:\\Program Files\\PowerShell\\7-preview\\preview;C:\\Program Files\\PowerShell\\7\\;C:\\Program Files\\mosquitto;C:\\Windows\\system32\\config\\systemprofile\\AppData\\Local\\Microsoft\\WindowsApps'
    'SystemRoot' => 'C:\\Windows'
    'COMSPEC' => 'C:\\Windows\\system32\\cmd.exe'
    'PATHEXT' => '.COM;.EXE;.BAT;.CMD;.VBS;.VBE;.JS;.JSE;.WSF;.WSH;.MSC'
    'WINDIR' => 'C:\\Windows'
    'SERVER_SIGNATURE' => '<address>Apache/2.4.54 (Win64) PHP/8.2.0 mod_fcgid/2.3.10-dev Server at 127.0.0.1 Port 80</address>
'
    'SERVER_SOFTWARE' => 'Apache/2.4.54 (Win64) PHP/8.2.0 mod_fcgid/2.3.10-dev'
    'SERVER_NAME' => '127.0.0.1'
    'SERVER_ADDR' => '127.0.0.1'
    'SERVER_PORT' => '80'
    'REMOTE_ADDR' => '127.0.0.1'
    'DOCUMENT_ROOT' => 'C:/wamp64/www'
    'REQUEST_SCHEME' => 'http'
    'CONTEXT_PREFIX' => ''
    'CONTEXT_DOCUMENT_ROOT' => 'C:/wamp64/www'
    'SERVER_ADMIN' => 'wampserver@wampserver.invalid'
    'SCRIPT_FILENAME' => 'C:/wamp64/www/PWS/2Ano/SIS/API/SISPSI/backend/web/index.php'
    'REMOTE_PORT' => '50298'
    'REDIRECT_URL' => '/PWS/2Ano/SIS/API/SISPSI/backend/web/api/courses'
    'REDIRECT_QUERY_STRING' => 'auth-token=xJSw8AaLJOaKHsYi9u7zDKgg1UwlGhIo'
    'GATEWAY_INTERFACE' => 'CGI/1.1'
    'SERVER_PROTOCOL' => 'HTTP/1.1'
    'REQUEST_METHOD' => 'GET'
    'QUERY_STRING' => 'auth-token=xJSw8AaLJOaKHsYi9u7zDKgg1UwlGhIo'
    'REQUEST_URI' => '/PWS/2Ano/SIS/API/SISPSI/backend/web/api/courses?auth-token=xJSw8AaLJOaKHsYi9u7zDKgg1UwlGhIo'
    'SCRIPT_NAME' => '/PWS/2Ano/SIS/API/SISPSI/backend/web/index.php'
    'PHP_SELF' => '/PWS/2Ano/SIS/API/SISPSI/backend/web/index.php'
    'REQUEST_TIME_FLOAT' => 1704481906.2252
    'REQUEST_TIME' => 1704481906
]
2024-01-05 19:11:57 [127.0.0.1][-][-][error][yii\base\UnknownPropertyException] yii\base\UnknownPropertyException: Setting unknown property: yii\rest\UrlRule::0 in C:\wamp64\www\PWS\2Ano\SIS\API\SISPSI\vendor\yiisoft\yii2\base\BaseObject.php:163
Stack trace:
#0 C:\wamp64\www\PWS\2Ano\SIS\API\SISPSI\vendor\yiisoft\yii2\BaseYii.php(558): yii\base\BaseObject->__set('0', Array)
#1 C:\wamp64\www\PWS\2Ano\SIS\API\SISPSI\vendor\yiisoft\yii2\base\BaseObject.php(107): yii\BaseYii::configure(Object(yii\rest\UrlRule), Array)
#2 [internal function]: yii\base\BaseObject->__construct(Array)
#3 C:\wamp64\www\PWS\2Ano\SIS\API\SISPSI\vendor\yiisoft\yii2\di\Container.php(419): ReflectionClass->newInstanceArgs(Array)
#4 C:\wamp64\www\PWS\2Ano\SIS\API\SISPSI\vendor\yiisoft\yii2\di\Container.php(170): yii\di\Container->build('yii\\rest\\UrlRul...', Array, Array)
#5 C:\wamp64\www\PWS\2Ano\SIS\API\SISPSI\vendor\yiisoft\yii2\BaseYii.php(365): yii\di\Container->get('yii\\rest\\UrlRul...', Array, Array)
#6 C:\wamp64\www\PWS\2Ano\SIS\API\SISPSI\vendor\yiisoft\yii2\web\UrlManager.php(246): yii\BaseYii::createObject(Array)
#7 C:\wamp64\www\PWS\2Ano\SIS\API\SISPSI\vendor\yiisoft\yii2\web\UrlManager.php(190): yii\web\UrlManager->buildRules(Array)
#8 C:\wamp64\www\PWS\2Ano\SIS\API\SISPSI\vendor\yiisoft\yii2\base\BaseObject.php(109): yii\web\UrlManager->init()
#9 [internal function]: yii\base\BaseObject->__construct(Array)
#10 C:\wamp64\www\PWS\2Ano\SIS\API\SISPSI\vendor\yiisoft\yii2\di\Container.php(419): ReflectionClass->newInstanceArgs(Array)
#11 C:\wamp64\www\PWS\2Ano\SIS\API\SISPSI\vendor\yiisoft\yii2\di\Container.php(170): yii\di\Container->build('yii\\web\\UrlMana...', Array, Array)
#12 C:\wamp64\www\PWS\2Ano\SIS\API\SISPSI\vendor\yiisoft\yii2\BaseYii.php(365): yii\di\Container->get('yii\\web\\UrlMana...', Array, Array)
#13 C:\wamp64\www\PWS\2Ano\SIS\API\SISPSI\vendor\yiisoft\yii2\di\ServiceLocator.php(137): yii\BaseYii::createObject(Array)
#14 C:\wamp64\www\PWS\2Ano\SIS\API\SISPSI\vendor\yiisoft\yii2\base\Module.php(766): yii\di\ServiceLocator->get('urlManager', true)
#15 C:\wamp64\www\PWS\2Ano\SIS\API\SISPSI\vendor\yiisoft\yii2\base\Application.php(569): yii\base\Module->get('urlManager')
#16 C:\wamp64\www\PWS\2Ano\SIS\API\SISPSI\vendor\yiisoft\yii2-debug\src\Module.php(284): yii\base\Application->getUrlManager()
#17 C:\wamp64\www\PWS\2Ano\SIS\API\SISPSI\vendor\yiisoft\yii2\base\Application.php(325): yii\debug\Module->bootstrap(Object(yii\web\Application))
#18 C:\wamp64\www\PWS\2Ano\SIS\API\SISPSI\vendor\yiisoft\yii2\web\Application.php(69): yii\base\Application->bootstrap()
#19 C:\wamp64\www\PWS\2Ano\SIS\API\SISPSI\vendor\yiisoft\yii2\base\Application.php(271): yii\web\Application->bootstrap()
#20 C:\wamp64\www\PWS\2Ano\SIS\API\SISPSI\vendor\yiisoft\yii2\base\BaseObject.php(109): yii\base\Application->init()
#21 C:\wamp64\www\PWS\2Ano\SIS\API\SISPSI\vendor\yiisoft\yii2\base\Application.php(204): yii\base\BaseObject->__construct(Array)
#22 C:\wamp64\www\PWS\2Ano\SIS\API\SISPSI\backend\web\index.php(18): yii\base\Application->__construct(Array)
#23 {main}
2024-01-05 19:11:57 [127.0.0.1][-][-][info][application] $_GET = [
    'auth-access' => 'xJSw8AaLJOaKHsYi9u7zDKgg1UwlGhIo'
]

$_POST = []

$_FILES = []

$_COOKIE = []

$_SERVER = [
    'REDIRECT_STATUS' => '200'
    'HTTP_HOST' => '127.0.0.1'
    'HTTP_USER_AGENT' => 'insomnia/2022.7.5'
    'HTTP_ACCEPT' => '*/*'
    'PATH' => 'C:\\Program Files\\Common Files\\Oracle\\Java\\javapath;C:\\Program Files (x86)\\VMware\\VMware Workstation\\bin\\;C:\\Windows\\system32;C:\\Windows;C:\\Windows\\System32\\Wbem;C:\\Windows\\System32\\WindowsPowerShell\\v1.0\\;C:\\Windows\\System32\\OpenSSH\\;C:\\Program Files\\Git\\cmd;C:\\Program Files\\Docker\\Docker\\resources\\bin;C:\\Program Files\\NVIDIA Corporation\\NVIDIA NvDLISR;C:\\Program Files (x86)\\NVIDIA Corporation\\PhysX\\Common;C:\\ProgramData\\chocolatey\\bin;C:\\Code\\Prog\\CMake\\cmake\\bin;C:\\Code\\Prog\\MinGW\\mingw\\bin;C:\\Program Files\\Microsoft SQL Server\\150\\Tools\\Binn\\;C:\\Program Files\\Microsoft SQL Server\\Client SDK\\ODBC\\170\\Tools\\Binn\\;C:\\Program Files\\dotnet\\;C:\\xampp\\php;C:\\composer;C:\\Program Files\\nodejs\\;C:\\MinGW\\bin;C:\\Program Files\\starship\\bin\\;C:\\Program Files\\MySQL\\MySQL Workbench 8.0 CE\\;C:\\Program Files\\CMake\\bin;C:\\Program Files (x86)\\Microsoft SQL Server\\160\\Tools\\Binn\\;C:\\Program Files\\Microsoft SQL Server\\160\\Tools\\Binn\\;C:\\Program Files\\Microsoft SQL Server\\160\\DTS\\Binn\\;C:\\Program Files\\Gradle\\gradle-8.3\\bin;C:\\Program Files\\PowerShell\\7-preview\\preview;C:\\Program Files\\PowerShell\\7\\;C:\\Program Files\\mosquitto;C:\\Windows\\system32\\config\\systemprofile\\AppData\\Local\\Microsoft\\WindowsApps'
    'SystemRoot' => 'C:\\Windows'
    'COMSPEC' => 'C:\\Windows\\system32\\cmd.exe'
    'PATHEXT' => '.COM;.EXE;.BAT;.CMD;.VBS;.VBE;.JS;.JSE;.WSF;.WSH;.MSC'
    'WINDIR' => 'C:\\Windows'
    'SERVER_SIGNATURE' => '<address>Apache/2.4.54 (Win64) PHP/8.2.0 mod_fcgid/2.3.10-dev Server at 127.0.0.1 Port 80</address>
'
    'SERVER_SOFTWARE' => 'Apache/2.4.54 (Win64) PHP/8.2.0 mod_fcgid/2.3.10-dev'
    'SERVER_NAME' => '127.0.0.1'
    'SERVER_ADDR' => '127.0.0.1'
    'SERVER_PORT' => '80'
    'REMOTE_ADDR' => '127.0.0.1'
    'DOCUMENT_ROOT' => 'C:/wamp64/www'
    'REQUEST_SCHEME' => 'http'
    'CONTEXT_PREFIX' => ''
    'CONTEXT_DOCUMENT_ROOT' => 'C:/wamp64/www'
    'SERVER_ADMIN' => 'wampserver@wampserver.invalid'
    'SCRIPT_FILENAME' => 'C:/wamp64/www/PWS/2Ano/SIS/API/SISPSI/backend/web/index.php'
    'REMOTE_PORT' => '50299'
    'REDIRECT_URL' => '/PWS/2Ano/SIS/API/SISPSI/backend/web/api/courses'
    'REDIRECT_QUERY_STRING' => 'auth-access=xJSw8AaLJOaKHsYi9u7zDKgg1UwlGhIo'
    'GATEWAY_INTERFACE' => 'CGI/1.1'
    'SERVER_PROTOCOL' => 'HTTP/1.1'
    'REQUEST_METHOD' => 'GET'
    'QUERY_STRING' => 'auth-access=xJSw8AaLJOaKHsYi9u7zDKgg1UwlGhIo'
    'REQUEST_URI' => '/PWS/2Ano/SIS/API/SISPSI/backend/web/api/courses?auth-access=xJSw8AaLJOaKHsYi9u7zDKgg1UwlGhIo'
    'SCRIPT_NAME' => '/PWS/2Ano/SIS/API/SISPSI/backend/web/index.php'
    'PHP_SELF' => '/PWS/2Ano/SIS/API/SISPSI/backend/web/index.php'
    'REQUEST_TIME_FLOAT' => 1704481917.5559
    'REQUEST_TIME' => 1704481917
]
2024-01-05 19:13:41 [127.0.0.1][-][-][error][yii\base\UnknownPropertyException] yii\base\UnknownPropertyException: Setting unknown property: yii\rest\UrlRule::0 in C:\wamp64\www\PWS\2Ano\SIS\API\SISPSI\vendor\yiisoft\yii2\base\BaseObject.php:163
Stack trace:
#0 C:\wamp64\www\PWS\2Ano\SIS\API\SISPSI\vendor\yiisoft\yii2\BaseYii.php(558): yii\base\BaseObject->__set('0', Array)
#1 C:\wamp64\www\PWS\2Ano\SIS\API\SISPSI\vendor\yiisoft\yii2\base\BaseObject.php(107): yii\BaseYii::configure(Object(yii\rest\UrlRule), Array)
#2 [internal function]: yii\base\BaseObject->__construct(Array)
#3 C:\wamp64\www\PWS\2Ano\SIS\API\SISPSI\vendor\yiisoft\yii2\di\Container.php(419): ReflectionClass->newInstanceArgs(Array)
#4 C:\wamp64\www\PWS\2Ano\SIS\API\SISPSI\vendor\yiisoft\yii2\di\Container.php(170): yii\di\Container->build('yii\\rest\\UrlRul...', Array, Array)
#5 C:\wamp64\www\PWS\2Ano\SIS\API\SISPSI\vendor\yiisoft\yii2\BaseYii.php(365): yii\di\Container->get('yii\\rest\\UrlRul...', Array, Array)
#6 C:\wamp64\www\PWS\2Ano\SIS\API\SISPSI\vendor\yiisoft\yii2\web\UrlManager.php(246): yii\BaseYii::createObject(Array)
#7 C:\wamp64\www\PWS\2Ano\SIS\API\SISPSI\vendor\yiisoft\yii2\web\UrlManager.php(190): yii\web\UrlManager->buildRules(Array)
#8 C:\wamp64\www\PWS\2Ano\SIS\API\SISPSI\vendor\yiisoft\yii2\base\BaseObject.php(109): yii\web\UrlManager->init()
#9 [internal function]: yii\base\BaseObject->__construct(Array)
#10 C:\wamp64\www\PWS\2Ano\SIS\API\SISPSI\vendor\yiisoft\yii2\di\Container.php(419): ReflectionClass->newInstanceArgs(Array)
#11 C:\wamp64\www\PWS\2Ano\SIS\API\SISPSI\vendor\yiisoft\yii2\di\Container.php(170): yii\di\Container->build('yii\\web\\UrlMana...', Array, Array)
#12 C:\wamp64\www\PWS\2Ano\SIS\API\SISPSI\vendor\yiisoft\yii2\BaseYii.php(365): yii\di\Container->get('yii\\web\\UrlMana...', Array, Array)
#13 C:\wamp64\www\PWS\2Ano\SIS\API\SISPSI\vendor\yiisoft\yii2\di\ServiceLocator.php(137): yii\BaseYii::createObject(Array)
#14 C:\wamp64\www\PWS\2Ano\SIS\API\SISPSI\vendor\yiisoft\yii2\base\Module.php(766): yii\di\ServiceLocator->get('urlManager', true)
#15 C:\wamp64\www\PWS\2Ano\SIS\API\SISPSI\vendor\yiisoft\yii2\base\Application.php(569): yii\base\Module->get('urlManager')
#16 C:\wamp64\www\PWS\2Ano\SIS\API\SISPSI\vendor\yiisoft\yii2-debug\src\Module.php(284): yii\base\Application->getUrlManager()
#17 C:\wamp64\www\PWS\2Ano\SIS\API\SISPSI\vendor\yiisoft\yii2\base\Application.php(325): yii\debug\Module->bootstrap(Object(yii\web\Application))
#18 C:\wamp64\www\PWS\2Ano\SIS\API\SISPSI\vendor\yiisoft\yii2\web\Application.php(69): yii\base\Application->bootstrap()
#19 C:\wamp64\www\PWS\2Ano\SIS\API\SISPSI\vendor\yiisoft\yii2\base\Application.php(271): yii\web\Application->bootstrap()
#20 C:\wamp64\www\PWS\2Ano\SIS\API\SISPSI\vendor\yiisoft\yii2\base\BaseObject.php(109): yii\base\Application->init()
#21 C:\wamp64\www\PWS\2Ano\SIS\API\SISPSI\vendor\yiisoft\yii2\base\Application.php(204): yii\base\BaseObject->__construct(Array)
#22 C:\wamp64\www\PWS\2Ano\SIS\API\SISPSI\backend\web\index.php(18): yii\base\Application->__construct(Array)
#23 {main}
2024-01-05 19:13:41 [127.0.0.1][-][-][info][application] $_GET = []

$_POST = []

$_FILES = []

$_COOKIE = []

$_SERVER = [
    'REDIRECT_STATUS' => '200'
    'HTTP_HOST' => '127.0.0.1'
    'HTTP_USER_AGENT' => 'insomnia/2022.7.5'
    'HTTP_ACCEPT' => '*/*'
    'PATH' => 'C:\\Program Files\\Common Files\\Oracle\\Java\\javapath;C:\\Program Files (x86)\\VMware\\VMware Workstation\\bin\\;C:\\Windows\\system32;C:\\Windows;C:\\Windows\\System32\\Wbem;C:\\Windows\\System32\\WindowsPowerShell\\v1.0\\;C:\\Windows\\System32\\OpenSSH\\;C:\\Program Files\\Git\\cmd;C:\\Program Files\\Docker\\Docker\\resources\\bin;C:\\Program Files\\NVIDIA Corporation\\NVIDIA NvDLISR;C:\\Program Files (x86)\\NVIDIA Corporation\\PhysX\\Common;C:\\ProgramData\\chocolatey\\bin;C:\\Code\\Prog\\CMake\\cmake\\bin;C:\\Code\\Prog\\MinGW\\mingw\\bin;C:\\Program Files\\Microsoft SQL Server\\150\\Tools\\Binn\\;C:\\Program Files\\Microsoft SQL Server\\Client SDK\\ODBC\\170\\Tools\\Binn\\;C:\\Program Files\\dotnet\\;C:\\xampp\\php;C:\\composer;C:\\Program Files\\nodejs\\;C:\\MinGW\\bin;C:\\Program Files\\starship\\bin\\;C:\\Program Files\\MySQL\\MySQL Workbench 8.0 CE\\;C:\\Program Files\\CMake\\bin;C:\\Program Files (x86)\\Microsoft SQL Server\\160\\Tools\\Binn\\;C:\\Program Files\\Microsoft SQL Server\\160\\Tools\\Binn\\;C:\\Program Files\\Microsoft SQL Server\\160\\DTS\\Binn\\;C:\\Program Files\\Gradle\\gradle-8.3\\bin;C:\\Program Files\\PowerShell\\7-preview\\preview;C:\\Program Files\\PowerShell\\7\\;C:\\Program Files\\mosquitto;C:\\Windows\\system32\\config\\systemprofile\\AppData\\Local\\Microsoft\\WindowsApps'
    'SystemRoot' => 'C:\\Windows'
    'COMSPEC' => 'C:\\Windows\\system32\\cmd.exe'
    'PATHEXT' => '.COM;.EXE;.BAT;.CMD;.VBS;.VBE;.JS;.JSE;.WSF;.WSH;.MSC'
    'WINDIR' => 'C:\\Windows'
    'SERVER_SIGNATURE' => '<address>Apache/2.4.54 (Win64) PHP/8.2.0 mod_fcgid/2.3.10-dev Server at 127.0.0.1 Port 80</address>
'
    'SERVER_SOFTWARE' => 'Apache/2.4.54 (Win64) PHP/8.2.0 mod_fcgid/2.3.10-dev'
    'SERVER_NAME' => '127.0.0.1'
    'SERVER_ADDR' => '127.0.0.1'
    'SERVER_PORT' => '80'
    'REMOTE_ADDR' => '127.0.0.1'
    'DOCUMENT_ROOT' => 'C:/wamp64/www'
    'REQUEST_SCHEME' => 'http'
    'CONTEXT_PREFIX' => ''
    'CONTEXT_DOCUMENT_ROOT' => 'C:/wamp64/www'
    'SERVER_ADMIN' => 'wampserver@wampserver.invalid'
    'SCRIPT_FILENAME' => 'C:/wamp64/www/PWS/2Ano/SIS/API/SISPSI/backend/web/index.php'
    'REMOTE_PORT' => '50303'
    'REDIRECT_URL' => '/PWS/2Ano/SIS/API/SISPSI/backend/web/api/courses'
    'GATEWAY_INTERFACE' => 'CGI/1.1'
    'SERVER_PROTOCOL' => 'HTTP/1.1'
    'REQUEST_METHOD' => 'GET'
    'QUERY_STRING' => ''
    'REQUEST_URI' => '/PWS/2Ano/SIS/API/SISPSI/backend/web/api/courses'
    'SCRIPT_NAME' => '/PWS/2Ano/SIS/API/SISPSI/backend/web/index.php'
    'PHP_SELF' => '/PWS/2Ano/SIS/API/SISPSI/backend/web/index.php'
    'REQUEST_TIME_FLOAT' => 1704482021.0182
    'REQUEST_TIME' => 1704482021
]
2024-01-05 19:14:45 [127.0.0.1][-][-][error][yii\base\UnknownPropertyException] yii\base\UnknownPropertyException: Setting unknown property: yii\rest\UrlRule::0 in C:\wamp64\www\PWS\2Ano\SIS\API\SISPSI\vendor\yiisoft\yii2\base\BaseObject.php:163
Stack trace:
#0 C:\wamp64\www\PWS\2Ano\SIS\API\SISPSI\vendor\yiisoft\yii2\BaseYii.php(558): yii\base\BaseObject->__set('0', Array)
#1 C:\wamp64\www\PWS\2Ano\SIS\API\SISPSI\vendor\yiisoft\yii2\base\BaseObject.php(107): yii\BaseYii::configure(Object(yii\rest\UrlRule), Array)
#2 [internal function]: yii\base\BaseObject->__construct(Array)
#3 C:\wamp64\www\PWS\2Ano\SIS\API\SISPSI\vendor\yiisoft\yii2\di\Container.php(419): ReflectionClass->newInstanceArgs(Array)
#4 C:\wamp64\www\PWS\2Ano\SIS\API\SISPSI\vendor\yiisoft\yii2\di\Container.php(170): yii\di\Container->build('yii\\rest\\UrlRul...', Array, Array)
#5 C:\wamp64\www\PWS\2Ano\SIS\API\SISPSI\vendor\yiisoft\yii2\BaseYii.php(365): yii\di\Container->get('yii\\rest\\UrlRul...', Array, Array)
#6 C:\wamp64\www\PWS\2Ano\SIS\API\SISPSI\vendor\yiisoft\yii2\web\UrlManager.php(246): yii\BaseYii::createObject(Array)
#7 C:\wamp64\www\PWS\2Ano\SIS\API\SISPSI\vendor\yiisoft\yii2\web\UrlManager.php(190): yii\web\UrlManager->buildRules(Array)
#8 C:\wamp64\www\PWS\2Ano\SIS\API\SISPSI\vendor\yiisoft\yii2\base\BaseObject.php(109): yii\web\UrlManager->init()
#9 [internal function]: yii\base\BaseObject->__construct(Array)
#10 C:\wamp64\www\PWS\2Ano\SIS\API\SISPSI\vendor\yiisoft\yii2\di\Container.php(419): ReflectionClass->newInstanceArgs(Array)
#11 C:\wamp64\www\PWS\2Ano\SIS\API\SISPSI\vendor\yiisoft\yii2\di\Container.php(170): yii\di\Container->build('yii\\web\\UrlMana...', Array, Array)
#12 C:\wamp64\www\PWS\2Ano\SIS\API\SISPSI\vendor\yiisoft\yii2\BaseYii.php(365): yii\di\Container->get('yii\\web\\UrlMana...', Array, Array)
#13 C:\wamp64\www\PWS\2Ano\SIS\API\SISPSI\vendor\yiisoft\yii2\di\ServiceLocator.php(137): yii\BaseYii::createObject(Array)
#14 C:\wamp64\www\PWS\2Ano\SIS\API\SISPSI\vendor\yiisoft\yii2\base\Module.php(766): yii\di\ServiceLocator->get('urlManager', true)
#15 C:\wamp64\www\PWS\2Ano\SIS\API\SISPSI\vendor\yiisoft\yii2\base\Application.php(569): yii\base\Module->get('urlManager')
#16 C:\wamp64\www\PWS\2Ano\SIS\API\SISPSI\vendor\yiisoft\yii2-debug\src\Module.php(284): yii\base\Application->getUrlManager()
#17 C:\wamp64\www\PWS\2Ano\SIS\API\SISPSI\vendor\yiisoft\yii2\base\Application.php(325): yii\debug\Module->bootstrap(Object(yii\web\Application))
#18 C:\wamp64\www\PWS\2Ano\SIS\API\SISPSI\vendor\yiisoft\yii2\web\Application.php(69): yii\base\Application->bootstrap()
#19 C:\wamp64\www\PWS\2Ano\SIS\API\SISPSI\vendor\yiisoft\yii2\base\Application.php(271): yii\web\Application->bootstrap()
#20 C:\wamp64\www\PWS\2Ano\SIS\API\SISPSI\vendor\yiisoft\yii2\base\BaseObject.php(109): yii\base\Application->init()
#21 C:\wamp64\www\PWS\2Ano\SIS\API\SISPSI\vendor\yiisoft\yii2\base\Application.php(204): yii\base\BaseObject->__construct(Array)
#22 C:\wamp64\www\PWS\2Ano\SIS\API\SISPSI\backend\web\index.php(18): yii\base\Application->__construct(Array)
#23 {main}
2024-01-05 19:14:45 [127.0.0.1][-][-][info][application] $_GET = []

$_POST = []

$_FILES = []

$_COOKIE = []

$_SERVER = [
    'REDIRECT_STATUS' => '200'
    'HTTP_HOST' => '127.0.0.1'
    'HTTP_USER_AGENT' => 'insomnia/2022.7.5'
    'HTTP_ACCEPT' => '*/*'
    'PATH' => 'C:\\Program Files\\Common Files\\Oracle\\Java\\javapath;C:\\Program Files (x86)\\VMware\\VMware Workstation\\bin\\;C:\\Windows\\system32;C:\\Windows;C:\\Windows\\System32\\Wbem;C:\\Windows\\System32\\WindowsPowerShell\\v1.0\\;C:\\Windows\\System32\\OpenSSH\\;C:\\Program Files\\Git\\cmd;C:\\Program Files\\Docker\\Docker\\resources\\bin;C:\\Program Files\\NVIDIA Corporation\\NVIDIA NvDLISR;C:\\Program Files (x86)\\NVIDIA Corporation\\PhysX\\Common;C:\\ProgramData\\chocolatey\\bin;C:\\Code\\Prog\\CMake\\cmake\\bin;C:\\Code\\Prog\\MinGW\\mingw\\bin;C:\\Program Files\\Microsoft SQL Server\\150\\Tools\\Binn\\;C:\\Program Files\\Microsoft SQL Server\\Client SDK\\ODBC\\170\\Tools\\Binn\\;C:\\Program Files\\dotnet\\;C:\\xampp\\php;C:\\composer;C:\\Program Files\\nodejs\\;C:\\MinGW\\bin;C:\\Program Files\\starship\\bin\\;C:\\Program Files\\MySQL\\MySQL Workbench 8.0 CE\\;C:\\Program Files\\CMake\\bin;C:\\Program Files (x86)\\Microsoft SQL Server\\160\\Tools\\Binn\\;C:\\Program Files\\Microsoft SQL Server\\160\\Tools\\Binn\\;C:\\Program Files\\Microsoft SQL Server\\160\\DTS\\Binn\\;C:\\Program Files\\Gradle\\gradle-8.3\\bin;C:\\Program Files\\PowerShell\\7-preview\\preview;C:\\Program Files\\PowerShell\\7\\;C:\\Program Files\\mosquitto;C:\\Windows\\system32\\config\\systemprofile\\AppData\\Local\\Microsoft\\WindowsApps'
    'SystemRoot' => 'C:\\Windows'
    'COMSPEC' => 'C:\\Windows\\system32\\cmd.exe'
    'PATHEXT' => '.COM;.EXE;.BAT;.CMD;.VBS;.VBE;.JS;.JSE;.WSF;.WSH;.MSC'
    'WINDIR' => 'C:\\Windows'
    'SERVER_SIGNATURE' => '<address>Apache/2.4.54 (Win64) PHP/8.2.0 mod_fcgid/2.3.10-dev Server at 127.0.0.1 Port 80</address>
'
    'SERVER_SOFTWARE' => 'Apache/2.4.54 (Win64) PHP/8.2.0 mod_fcgid/2.3.10-dev'
    'SERVER_NAME' => '127.0.0.1'
    'SERVER_ADDR' => '127.0.0.1'
    'SERVER_PORT' => '80'
    'REMOTE_ADDR' => '127.0.0.1'
    'DOCUMENT_ROOT' => 'C:/wamp64/www'
    'REQUEST_SCHEME' => 'http'
    'CONTEXT_PREFIX' => ''
    'CONTEXT_DOCUMENT_ROOT' => 'C:/wamp64/www'
    'SERVER_ADMIN' => 'wampserver@wampserver.invalid'
    'SCRIPT_FILENAME' => 'C:/wamp64/www/PWS/2Ano/SIS/API/SISPSI/backend/web/index.php'
    'REMOTE_PORT' => '50305'
    'REDIRECT_URL' => '/PWS/2Ano/SIS/API/SISPSI/backend/web/courses'
    'GATEWAY_INTERFACE' => 'CGI/1.1'
    'SERVER_PROTOCOL' => 'HTTP/1.1'
    'REQUEST_METHOD' => 'GET'
    'QUERY_STRING' => ''
    'REQUEST_URI' => '/PWS/2Ano/SIS/API/SISPSI/backend/web/courses'
    'SCRIPT_NAME' => '/PWS/2Ano/SIS/API/SISPSI/backend/web/index.php'
    'PHP_SELF' => '/PWS/2Ano/SIS/API/SISPSI/backend/web/index.php'
    'REQUEST_TIME_FLOAT' => 1704482085.0404
    'REQUEST_TIME' => 1704482085
]
2024-01-05 19:14:48 [127.0.0.1][-][-][error][yii\base\UnknownPropertyException] yii\base\UnknownPropertyException: Setting unknown property: yii\rest\UrlRule::0 in C:\wamp64\www\PWS\2Ano\SIS\API\SISPSI\vendor\yiisoft\yii2\base\BaseObject.php:163
Stack trace:
#0 C:\wamp64\www\PWS\2Ano\SIS\API\SISPSI\vendor\yiisoft\yii2\BaseYii.php(558): yii\base\BaseObject->__set('0', Array)
#1 C:\wamp64\www\PWS\2Ano\SIS\API\SISPSI\vendor\yiisoft\yii2\base\BaseObject.php(107): yii\BaseYii::configure(Object(yii\rest\UrlRule), Array)
#2 [internal function]: yii\base\BaseObject->__construct(Array)
#3 C:\wamp64\www\PWS\2Ano\SIS\API\SISPSI\vendor\yiisoft\yii2\di\Container.php(419): ReflectionClass->newInstanceArgs(Array)
#4 C:\wamp64\www\PWS\2Ano\SIS\API\SISPSI\vendor\yiisoft\yii2\di\Container.php(170): yii\di\Container->build('yii\\rest\\UrlRul...', Array, Array)
#5 C:\wamp64\www\PWS\2Ano\SIS\API\SISPSI\vendor\yiisoft\yii2\BaseYii.php(365): yii\di\Container->get('yii\\rest\\UrlRul...', Array, Array)
#6 C:\wamp64\www\PWS\2Ano\SIS\API\SISPSI\vendor\yiisoft\yii2\web\UrlManager.php(246): yii\BaseYii::createObject(Array)
#7 C:\wamp64\www\PWS\2Ano\SIS\API\SISPSI\vendor\yiisoft\yii2\web\UrlManager.php(190): yii\web\UrlManager->buildRules(Array)
#8 C:\wamp64\www\PWS\2Ano\SIS\API\SISPSI\vendor\yiisoft\yii2\base\BaseObject.php(109): yii\web\UrlManager->init()
#9 [internal function]: yii\base\BaseObject->__construct(Array)
#10 C:\wamp64\www\PWS\2Ano\SIS\API\SISPSI\vendor\yiisoft\yii2\di\Container.php(419): ReflectionClass->newInstanceArgs(Array)
#11 C:\wamp64\www\PWS\2Ano\SIS\API\SISPSI\vendor\yiisoft\yii2\di\Container.php(170): yii\di\Container->build('yii\\web\\UrlMana...', Array, Array)
#12 C:\wamp64\www\PWS\2Ano\SIS\API\SISPSI\vendor\yiisoft\yii2\BaseYii.php(365): yii\di\Container->get('yii\\web\\UrlMana...', Array, Array)
#13 C:\wamp64\www\PWS\2Ano\SIS\API\SISPSI\vendor\yiisoft\yii2\di\ServiceLocator.php(137): yii\BaseYii::createObject(Array)
#14 C:\wamp64\www\PWS\2Ano\SIS\API\SISPSI\vendor\yiisoft\yii2\base\Module.php(766): yii\di\ServiceLocator->get('urlManager', true)
#15 C:\wamp64\www\PWS\2Ano\SIS\API\SISPSI\vendor\yiisoft\yii2\base\Application.php(569): yii\base\Module->get('urlManager')
#16 C:\wamp64\www\PWS\2Ano\SIS\API\SISPSI\vendor\yiisoft\yii2-debug\src\Module.php(284): yii\base\Application->getUrlManager()
#17 C:\wamp64\www\PWS\2Ano\SIS\API\SISPSI\vendor\yiisoft\yii2\base\Application.php(325): yii\debug\Module->bootstrap(Object(yii\web\Application))
#18 C:\wamp64\www\PWS\2Ano\SIS\API\SISPSI\vendor\yiisoft\yii2\web\Application.php(69): yii\base\Application->bootstrap()
#19 C:\wamp64\www\PWS\2Ano\SIS\API\SISPSI\vendor\yiisoft\yii2\base\Application.php(271): yii\web\Application->bootstrap()
#20 C:\wamp64\www\PWS\2Ano\SIS\API\SISPSI\vendor\yiisoft\yii2\base\BaseObject.php(109): yii\base\Application->init()
#21 C:\wamp64\www\PWS\2Ano\SIS\API\SISPSI\vendor\yiisoft\yii2\base\Application.php(204): yii\base\BaseObject->__construct(Array)
#22 C:\wamp64\www\PWS\2Ano\SIS\API\SISPSI\backend\web\index.php(18): yii\base\Application->__construct(Array)
#23 {main}
2024-01-05 19:14:48 [127.0.0.1][-][-][info][application] $_GET = []

$_POST = []

$_FILES = []

$_COOKIE = []

$_SERVER = [
    'REDIRECT_STATUS' => '200'
    'HTTP_HOST' => '127.0.0.1'
    'HTTP_USER_AGENT' => 'insomnia/2022.7.5'
    'HTTP_ACCEPT' => '*/*'
    'PATH' => 'C:\\Program Files\\Common Files\\Oracle\\Java\\javapath;C:\\Program Files (x86)\\VMware\\VMware Workstation\\bin\\;C:\\Windows\\system32;C:\\Windows;C:\\Windows\\System32\\Wbem;C:\\Windows\\System32\\WindowsPowerShell\\v1.0\\;C:\\Windows\\System32\\OpenSSH\\;C:\\Program Files\\Git\\cmd;C:\\Program Files\\Docker\\Docker\\resources\\bin;C:\\Program Files\\NVIDIA Corporation\\NVIDIA NvDLISR;C:\\Program Files (x86)\\NVIDIA Corporation\\PhysX\\Common;C:\\ProgramData\\chocolatey\\bin;C:\\Code\\Prog\\CMake\\cmake\\bin;C:\\Code\\Prog\\MinGW\\mingw\\bin;C:\\Program Files\\Microsoft SQL Server\\150\\Tools\\Binn\\;C:\\Program Files\\Microsoft SQL Server\\Client SDK\\ODBC\\170\\Tools\\Binn\\;C:\\Program Files\\dotnet\\;C:\\xampp\\php;C:\\composer;C:\\Program Files\\nodejs\\;C:\\MinGW\\bin;C:\\Program Files\\starship\\bin\\;C:\\Program Files\\MySQL\\MySQL Workbench 8.0 CE\\;C:\\Program Files\\CMake\\bin;C:\\Program Files (x86)\\Microsoft SQL Server\\160\\Tools\\Binn\\;C:\\Program Files\\Microsoft SQL Server\\160\\Tools\\Binn\\;C:\\Program Files\\Microsoft SQL Server\\160\\DTS\\Binn\\;C:\\Program Files\\Gradle\\gradle-8.3\\bin;C:\\Program Files\\PowerShell\\7-preview\\preview;C:\\Program Files\\PowerShell\\7\\;C:\\Program Files\\mosquitto;C:\\Windows\\system32\\config\\systemprofile\\AppData\\Local\\Microsoft\\WindowsApps'
    'SystemRoot' => 'C:\\Windows'
    'COMSPEC' => 'C:\\Windows\\system32\\cmd.exe'
    'PATHEXT' => '.COM;.EXE;.BAT;.CMD;.VBS;.VBE;.JS;.JSE;.WSF;.WSH;.MSC'
    'WINDIR' => 'C:\\Windows'
    'SERVER_SIGNATURE' => '<address>Apache/2.4.54 (Win64) PHP/8.2.0 mod_fcgid/2.3.10-dev Server at 127.0.0.1 Port 80</address>
'
    'SERVER_SOFTWARE' => 'Apache/2.4.54 (Win64) PHP/8.2.0 mod_fcgid/2.3.10-dev'
    'SERVER_NAME' => '127.0.0.1'
    'SERVER_ADDR' => '127.0.0.1'
    'SERVER_PORT' => '80'
    'REMOTE_ADDR' => '127.0.0.1'
    'DOCUMENT_ROOT' => 'C:/wamp64/www'
    'REQUEST_SCHEME' => 'http'
    'CONTEXT_PREFIX' => ''
    'CONTEXT_DOCUMENT_ROOT' => 'C:/wamp64/www'
    'SERVER_ADMIN' => 'wampserver@wampserver.invalid'
    'SCRIPT_FILENAME' => 'C:/wamp64/www/PWS/2Ano/SIS/API/SISPSI/backend/web/index.php'
    'REMOTE_PORT' => '50306'
    'REDIRECT_URL' => '/PWS/2Ano/SIS/API/SISPSI/backend/web/api/courses'
    'GATEWAY_INTERFACE' => 'CGI/1.1'
    'SERVER_PROTOCOL' => 'HTTP/1.1'
    'REQUEST_METHOD' => 'GET'
    'QUERY_STRING' => ''
    'REQUEST_URI' => '/PWS/2Ano/SIS/API/SISPSI/backend/web/api/courses'
    'SCRIPT_NAME' => '/PWS/2Ano/SIS/API/SISPSI/backend/web/index.php'
    'PHP_SELF' => '/PWS/2Ano/SIS/API/SISPSI/backend/web/index.php'
    'REQUEST_TIME_FLOAT' => 1704482088.8537
    'REQUEST_TIME' => 1704482088
]
2024-01-05 19:15:09 [127.0.0.1][-][-][error][yii\base\UnknownPropertyException] yii\base\UnknownPropertyException: Setting unknown property: yii\rest\UrlRule::0 in C:\wamp64\www\PWS\2Ano\SIS\API\SISPSI\vendor\yiisoft\yii2\base\BaseObject.php:163
Stack trace:
#0 C:\wamp64\www\PWS\2Ano\SIS\API\SISPSI\vendor\yiisoft\yii2\BaseYii.php(558): yii\base\BaseObject->__set('0', Array)
#1 C:\wamp64\www\PWS\2Ano\SIS\API\SISPSI\vendor\yiisoft\yii2\base\BaseObject.php(107): yii\BaseYii::configure(Object(yii\rest\UrlRule), Array)
#2 [internal function]: yii\base\BaseObject->__construct(Array)
#3 C:\wamp64\www\PWS\2Ano\SIS\API\SISPSI\vendor\yiisoft\yii2\di\Container.php(419): ReflectionClass->newInstanceArgs(Array)
#4 C:\wamp64\www\PWS\2Ano\SIS\API\SISPSI\vendor\yiisoft\yii2\di\Container.php(170): yii\di\Container->build('yii\\rest\\UrlRul...', Array, Array)
#5 C:\wamp64\www\PWS\2Ano\SIS\API\SISPSI\vendor\yiisoft\yii2\BaseYii.php(365): yii\di\Container->get('yii\\rest\\UrlRul...', Array, Array)
#6 C:\wamp64\www\PWS\2Ano\SIS\API\SISPSI\vendor\yiisoft\yii2\web\UrlManager.php(246): yii\BaseYii::createObject(Array)
#7 C:\wamp64\www\PWS\2Ano\SIS\API\SISPSI\vendor\yiisoft\yii2\web\UrlManager.php(190): yii\web\UrlManager->buildRules(Array)
#8 C:\wamp64\www\PWS\2Ano\SIS\API\SISPSI\vendor\yiisoft\yii2\base\BaseObject.php(109): yii\web\UrlManager->init()
#9 [internal function]: yii\base\BaseObject->__construct(Array)
#10 C:\wamp64\www\PWS\2Ano\SIS\API\SISPSI\vendor\yiisoft\yii2\di\Container.php(419): ReflectionClass->newInstanceArgs(Array)
#11 C:\wamp64\www\PWS\2Ano\SIS\API\SISPSI\vendor\yiisoft\yii2\di\Container.php(170): yii\di\Container->build('yii\\web\\UrlMana...', Array, Array)
#12 C:\wamp64\www\PWS\2Ano\SIS\API\SISPSI\vendor\yiisoft\yii2\BaseYii.php(365): yii\di\Container->get('yii\\web\\UrlMana...', Array, Array)
#13 C:\wamp64\www\PWS\2Ano\SIS\API\SISPSI\vendor\yiisoft\yii2\di\ServiceLocator.php(137): yii\BaseYii::createObject(Array)
#14 C:\wamp64\www\PWS\2Ano\SIS\API\SISPSI\vendor\yiisoft\yii2\base\Module.php(766): yii\di\ServiceLocator->get('urlManager', true)
#15 C:\wamp64\www\PWS\2Ano\SIS\API\SISPSI\vendor\yiisoft\yii2\base\Application.php(569): yii\base\Module->get('urlManager')
#16 C:\wamp64\www\PWS\2Ano\SIS\API\SISPSI\vendor\yiisoft\yii2-debug\src\Module.php(284): yii\base\Application->getUrlManager()
#17 C:\wamp64\www\PWS\2Ano\SIS\API\SISPSI\vendor\yiisoft\yii2\base\Application.php(325): yii\debug\Module->bootstrap(Object(yii\web\Application))
#18 C:\wamp64\www\PWS\2Ano\SIS\API\SISPSI\vendor\yiisoft\yii2\web\Application.php(69): yii\base\Application->bootstrap()
#19 C:\wamp64\www\PWS\2Ano\SIS\API\SISPSI\vendor\yiisoft\yii2\base\Application.php(271): yii\web\Application->bootstrap()
#20 C:\wamp64\www\PWS\2Ano\SIS\API\SISPSI\vendor\yiisoft\yii2\base\BaseObject.php(109): yii\base\Application->init()
#21 C:\wamp64\www\PWS\2Ano\SIS\API\SISPSI\vendor\yiisoft\yii2\base\Application.php(204): yii\base\BaseObject->__construct(Array)
#22 C:\wamp64\www\PWS\2Ano\SIS\API\SISPSI\backend\web\index.php(18): yii\base\Application->__construct(Array)
#23 {main}
2024-01-05 19:15:09 [127.0.0.1][-][-][info][application] $_GET = []

$_POST = []

$_FILES = []

$_COOKIE = []

$_SERVER = [
    'REDIRECT_STATUS' => '200'
    'HTTP_HOST' => '127.0.0.1'
    'HTTP_USER_AGENT' => 'insomnia/2022.7.5'
    'HTTP_ACCEPT' => '*/*'
    'PATH' => 'C:\\Program Files\\Common Files\\Oracle\\Java\\javapath;C:\\Program Files (x86)\\VMware\\VMware Workstation\\bin\\;C:\\Windows\\system32;C:\\Windows;C:\\Windows\\System32\\Wbem;C:\\Windows\\System32\\WindowsPowerShell\\v1.0\\;C:\\Windows\\System32\\OpenSSH\\;C:\\Program Files\\Git\\cmd;C:\\Program Files\\Docker\\Docker\\resources\\bin;C:\\Program Files\\NVIDIA Corporation\\NVIDIA NvDLISR;C:\\Program Files (x86)\\NVIDIA Corporation\\PhysX\\Common;C:\\ProgramData\\chocolatey\\bin;C:\\Code\\Prog\\CMake\\cmake\\bin;C:\\Code\\Prog\\MinGW\\mingw\\bin;C:\\Program Files\\Microsoft SQL Server\\150\\Tools\\Binn\\;C:\\Program Files\\Microsoft SQL Server\\Client SDK\\ODBC\\170\\Tools\\Binn\\;C:\\Program Files\\dotnet\\;C:\\xampp\\php;C:\\composer;C:\\Program Files\\nodejs\\;C:\\MinGW\\bin;C:\\Program Files\\starship\\bin\\;C:\\Program Files\\MySQL\\MySQL Workbench 8.0 CE\\;C:\\Program Files\\CMake\\bin;C:\\Program Files (x86)\\Microsoft SQL Server\\160\\Tools\\Binn\\;C:\\Program Files\\Microsoft SQL Server\\160\\Tools\\Binn\\;C:\\Program Files\\Microsoft SQL Server\\160\\DTS\\Binn\\;C:\\Program Files\\Gradle\\gradle-8.3\\bin;C:\\Program Files\\PowerShell\\7-preview\\preview;C:\\Program Files\\PowerShell\\7\\;C:\\Program Files\\mosquitto;C:\\Windows\\system32\\config\\systemprofile\\AppData\\Local\\Microsoft\\WindowsApps'
    'SystemRoot' => 'C:\\Windows'
    'COMSPEC' => 'C:\\Windows\\system32\\cmd.exe'
    'PATHEXT' => '.COM;.EXE;.BAT;.CMD;.VBS;.VBE;.JS;.JSE;.WSF;.WSH;.MSC'
    'WINDIR' => 'C:\\Windows'
    'SERVER_SIGNATURE' => '<address>Apache/2.4.54 (Win64) PHP/8.2.0 mod_fcgid/2.3.10-dev Server at 127.0.0.1 Port 80</address>
'
    'SERVER_SOFTWARE' => 'Apache/2.4.54 (Win64) PHP/8.2.0 mod_fcgid/2.3.10-dev'
    'SERVER_NAME' => '127.0.0.1'
    'SERVER_ADDR' => '127.0.0.1'
    'SERVER_PORT' => '80'
    'REMOTE_ADDR' => '127.0.0.1'
    'DOCUMENT_ROOT' => 'C:/wamp64/www'
    'REQUEST_SCHEME' => 'http'
    'CONTEXT_PREFIX' => ''
    'CONTEXT_DOCUMENT_ROOT' => 'C:/wamp64/www'
    'SERVER_ADMIN' => 'wampserver@wampserver.invalid'
    'SCRIPT_FILENAME' => 'C:/wamp64/www/PWS/2Ano/SIS/API/SISPSI/backend/web/index.php'
    'REMOTE_PORT' => '50308'
    'REDIRECT_URL' => '/PWS/2Ano/SIS/API/SISPSI/backend/web/api/courses'
    'GATEWAY_INTERFACE' => 'CGI/1.1'
    'SERVER_PROTOCOL' => 'HTTP/1.1'
    'REQUEST_METHOD' => 'GET'
    'QUERY_STRING' => ''
    'REQUEST_URI' => '/PWS/2Ano/SIS/API/SISPSI/backend/web/api/courses'
    'SCRIPT_NAME' => '/PWS/2Ano/SIS/API/SISPSI/backend/web/index.php'
    'PHP_SELF' => '/PWS/2Ano/SIS/API/SISPSI/backend/web/index.php'
    'REQUEST_TIME_FLOAT' => 1704482109.0576
    'REQUEST_TIME' => 1704482109
]
2024-01-05 19:19:47 [127.0.0.1][-][-][error][yii\base\UnknownPropertyException] yii\base\UnknownPropertyException: Setting unknown property: yii\rest\UrlRule::0 in C:\wamp64\www\PWS\2Ano\SIS\API\SISPSI\vendor\yiisoft\yii2\base\BaseObject.php:163
Stack trace:
#0 C:\wamp64\www\PWS\2Ano\SIS\API\SISPSI\vendor\yiisoft\yii2\BaseYii.php(558): yii\base\BaseObject->__set('0', Array)
#1 C:\wamp64\www\PWS\2Ano\SIS\API\SISPSI\vendor\yiisoft\yii2\base\BaseObject.php(107): yii\BaseYii::configure(Object(yii\rest\UrlRule), Array)
#2 [internal function]: yii\base\BaseObject->__construct(Array)
#3 C:\wamp64\www\PWS\2Ano\SIS\API\SISPSI\vendor\yiisoft\yii2\di\Container.php(419): ReflectionClass->newInstanceArgs(Array)
#4 C:\wamp64\www\PWS\2Ano\SIS\API\SISPSI\vendor\yiisoft\yii2\di\Container.php(170): yii\di\Container->build('yii\\rest\\UrlRul...', Array, Array)
#5 C:\wamp64\www\PWS\2Ano\SIS\API\SISPSI\vendor\yiisoft\yii2\BaseYii.php(365): yii\di\Container->get('yii\\rest\\UrlRul...', Array, Array)
#6 C:\wamp64\www\PWS\2Ano\SIS\API\SISPSI\vendor\yiisoft\yii2\web\UrlManager.php(246): yii\BaseYii::createObject(Array)
#7 C:\wamp64\www\PWS\2Ano\SIS\API\SISPSI\vendor\yiisoft\yii2\web\UrlManager.php(190): yii\web\UrlManager->buildRules(Array)
#8 C:\wamp64\www\PWS\2Ano\SIS\API\SISPSI\vendor\yiisoft\yii2\base\BaseObject.php(109): yii\web\UrlManager->init()
#9 [internal function]: yii\base\BaseObject->__construct(Array)
#10 C:\wamp64\www\PWS\2Ano\SIS\API\SISPSI\vendor\yiisoft\yii2\di\Container.php(419): ReflectionClass->newInstanceArgs(Array)
#11 C:\wamp64\www\PWS\2Ano\SIS\API\SISPSI\vendor\yiisoft\yii2\di\Container.php(170): yii\di\Container->build('yii\\web\\UrlMana...', Array, Array)
#12 C:\wamp64\www\PWS\2Ano\SIS\API\SISPSI\vendor\yiisoft\yii2\BaseYii.php(365): yii\di\Container->get('yii\\web\\UrlMana...', Array, Array)
#13 C:\wamp64\www\PWS\2Ano\SIS\API\SISPSI\vendor\yiisoft\yii2\di\ServiceLocator.php(137): yii\BaseYii::createObject(Array)
#14 C:\wamp64\www\PWS\2Ano\SIS\API\SISPSI\vendor\yiisoft\yii2\base\Module.php(766): yii\di\ServiceLocator->get('urlManager', true)
#15 C:\wamp64\www\PWS\2Ano\SIS\API\SISPSI\vendor\yiisoft\yii2\base\Application.php(569): yii\base\Module->get('urlManager')
#16 C:\wamp64\www\PWS\2Ano\SIS\API\SISPSI\vendor\yiisoft\yii2-debug\src\Module.php(284): yii\base\Application->getUrlManager()
#17 C:\wamp64\www\PWS\2Ano\SIS\API\SISPSI\vendor\yiisoft\yii2\base\Application.php(325): yii\debug\Module->bootstrap(Object(yii\web\Application))
#18 C:\wamp64\www\PWS\2Ano\SIS\API\SISPSI\vendor\yiisoft\yii2\web\Application.php(69): yii\base\Application->bootstrap()
#19 C:\wamp64\www\PWS\2Ano\SIS\API\SISPSI\vendor\yiisoft\yii2\base\Application.php(271): yii\web\Application->bootstrap()
#20 C:\wamp64\www\PWS\2Ano\SIS\API\SISPSI\vendor\yiisoft\yii2\base\BaseObject.php(109): yii\base\Application->init()
#21 C:\wamp64\www\PWS\2Ano\SIS\API\SISPSI\vendor\yiisoft\yii2\base\Application.php(204): yii\base\BaseObject->__construct(Array)
#22 C:\wamp64\www\PWS\2Ano\SIS\API\SISPSI\backend\web\index.php(18): yii\base\Application->__construct(Array)
#23 {main}
2024-01-05 19:19:47 [127.0.0.1][-][-][info][application] $_GET = []

$_POST = []

$_FILES = []

$_COOKIE = []

$_SERVER = [
    'REDIRECT_STATUS' => '200'
    'HTTP_HOST' => '127.0.0.1'
    'HTTP_USER_AGENT' => 'insomnia/2022.7.5'
    'HTTP_ACCEPT' => '*/*'
    'PATH' => 'C:\\Program Files\\Common Files\\Oracle\\Java\\javapath;C:\\Program Files (x86)\\VMware\\VMware Workstation\\bin\\;C:\\Windows\\system32;C:\\Windows;C:\\Windows\\System32\\Wbem;C:\\Windows\\System32\\WindowsPowerShell\\v1.0\\;C:\\Windows\\System32\\OpenSSH\\;C:\\Program Files\\Git\\cmd;C:\\Program Files\\Docker\\Docker\\resources\\bin;C:\\Program Files\\NVIDIA Corporation\\NVIDIA NvDLISR;C:\\Program Files (x86)\\NVIDIA Corporation\\PhysX\\Common;C:\\ProgramData\\chocolatey\\bin;C:\\Code\\Prog\\CMake\\cmake\\bin;C:\\Code\\Prog\\MinGW\\mingw\\bin;C:\\Program Files\\Microsoft SQL Server\\150\\Tools\\Binn\\;C:\\Program Files\\Microsoft SQL Server\\Client SDK\\ODBC\\170\\Tools\\Binn\\;C:\\Program Files\\dotnet\\;C:\\xampp\\php;C:\\composer;C:\\Program Files\\nodejs\\;C:\\MinGW\\bin;C:\\Program Files\\starship\\bin\\;C:\\Program Files\\MySQL\\MySQL Workbench 8.0 CE\\;C:\\Program Files\\CMake\\bin;C:\\Program Files (x86)\\Microsoft SQL Server\\160\\Tools\\Binn\\;C:\\Program Files\\Microsoft SQL Server\\160\\Tools\\Binn\\;C:\\Program Files\\Microsoft SQL Server\\160\\DTS\\Binn\\;C:\\Program Files\\Gradle\\gradle-8.3\\bin;C:\\Program Files\\PowerShell\\7-preview\\preview;C:\\Program Files\\PowerShell\\7\\;C:\\Program Files\\mosquitto;C:\\Windows\\system32\\config\\systemprofile\\AppData\\Local\\Microsoft\\WindowsApps'
    'SystemRoot' => 'C:\\Windows'
    'COMSPEC' => 'C:\\Windows\\system32\\cmd.exe'
    'PATHEXT' => '.COM;.EXE;.BAT;.CMD;.VBS;.VBE;.JS;.JSE;.WSF;.WSH;.MSC'
    'WINDIR' => 'C:\\Windows'
    'SERVER_SIGNATURE' => '<address>Apache/2.4.54 (Win64) PHP/8.2.0 mod_fcgid/2.3.10-dev Server at 127.0.0.1 Port 80</address>
'
    'SERVER_SOFTWARE' => 'Apache/2.4.54 (Win64) PHP/8.2.0 mod_fcgid/2.3.10-dev'
    'SERVER_NAME' => '127.0.0.1'
    'SERVER_ADDR' => '127.0.0.1'
    'SERVER_PORT' => '80'
    'REMOTE_ADDR' => '127.0.0.1'
    'DOCUMENT_ROOT' => 'C:/wamp64/www'
    'REQUEST_SCHEME' => 'http'
    'CONTEXT_PREFIX' => ''
    'CONTEXT_DOCUMENT_ROOT' => 'C:/wamp64/www'
    'SERVER_ADMIN' => 'wampserver@wampserver.invalid'
    'SCRIPT_FILENAME' => 'C:/wamp64/www/PWS/2Ano/SIS/API/SISPSI/backend/web/index.php'
    'REMOTE_PORT' => '50338'
    'REDIRECT_URL' => '/PWS/2Ano/SIS/API/SISPSI/backend/web/api/courses'
    'GATEWAY_INTERFACE' => 'CGI/1.1'
    'SERVER_PROTOCOL' => 'HTTP/1.1'
    'REQUEST_METHOD' => 'GET'
    'QUERY_STRING' => ''
    'REQUEST_URI' => '/PWS/2Ano/SIS/API/SISPSI/backend/web/api/courses'
    'SCRIPT_NAME' => '/PWS/2Ano/SIS/API/SISPSI/backend/web/index.php'
    'PHP_SELF' => '/PWS/2Ano/SIS/API/SISPSI/backend/web/index.php'
    'REQUEST_TIME_FLOAT' => 1704482387.5655
    'REQUEST_TIME' => 1704482387
]
2024-01-05 19:23:57 [127.0.0.1][-][-][error][yii\base\UnknownPropertyException] yii\base\UnknownPropertyException: Setting unknown property: yii\rest\UrlRule::0 in C:\wamp64\www\PWS\2Ano\SIS\API\SISPSI\vendor\yiisoft\yii2\base\BaseObject.php:163
Stack trace:
#0 C:\wamp64\www\PWS\2Ano\SIS\API\SISPSI\vendor\yiisoft\yii2\BaseYii.php(558): yii\base\BaseObject->__set('0', Array)
#1 C:\wamp64\www\PWS\2Ano\SIS\API\SISPSI\vendor\yiisoft\yii2\base\BaseObject.php(107): yii\BaseYii::configure(Object(yii\rest\UrlRule), Array)
#2 [internal function]: yii\base\BaseObject->__construct(Array)
#3 C:\wamp64\www\PWS\2Ano\SIS\API\SISPSI\vendor\yiisoft\yii2\di\Container.php(419): ReflectionClass->newInstanceArgs(Array)
#4 C:\wamp64\www\PWS\2Ano\SIS\API\SISPSI\vendor\yiisoft\yii2\di\Container.php(170): yii\di\Container->build('yii\\rest\\UrlRul...', Array, Array)
#5 C:\wamp64\www\PWS\2Ano\SIS\API\SISPSI\vendor\yiisoft\yii2\BaseYii.php(365): yii\di\Container->get('yii\\rest\\UrlRul...', Array, Array)
#6 C:\wamp64\www\PWS\2Ano\SIS\API\SISPSI\vendor\yiisoft\yii2\web\UrlManager.php(246): yii\BaseYii::createObject(Array)
#7 C:\wamp64\www\PWS\2Ano\SIS\API\SISPSI\vendor\yiisoft\yii2\web\UrlManager.php(190): yii\web\UrlManager->buildRules(Array)
#8 C:\wamp64\www\PWS\2Ano\SIS\API\SISPSI\vendor\yiisoft\yii2\base\BaseObject.php(109): yii\web\UrlManager->init()
#9 [internal function]: yii\base\BaseObject->__construct(Array)
#10 C:\wamp64\www\PWS\2Ano\SIS\API\SISPSI\vendor\yiisoft\yii2\di\Container.php(419): ReflectionClass->newInstanceArgs(Array)
#11 C:\wamp64\www\PWS\2Ano\SIS\API\SISPSI\vendor\yiisoft\yii2\di\Container.php(170): yii\di\Container->build('yii\\web\\UrlMana...', Array, Array)
#12 C:\wamp64\www\PWS\2Ano\SIS\API\SISPSI\vendor\yiisoft\yii2\BaseYii.php(365): yii\di\Container->get('yii\\web\\UrlMana...', Array, Array)
#13 C:\wamp64\www\PWS\2Ano\SIS\API\SISPSI\vendor\yiisoft\yii2\di\ServiceLocator.php(137): yii\BaseYii::createObject(Array)
#14 C:\wamp64\www\PWS\2Ano\SIS\API\SISPSI\vendor\yiisoft\yii2\base\Module.php(766): yii\di\ServiceLocator->get('urlManager', true)
#15 C:\wamp64\www\PWS\2Ano\SIS\API\SISPSI\vendor\yiisoft\yii2\base\Application.php(569): yii\base\Module->get('urlManager')
#16 C:\wamp64\www\PWS\2Ano\SIS\API\SISPSI\vendor\yiisoft\yii2-debug\src\Module.php(284): yii\base\Application->getUrlManager()
#17 C:\wamp64\www\PWS\2Ano\SIS\API\SISPSI\vendor\yiisoft\yii2\base\Application.php(325): yii\debug\Module->bootstrap(Object(yii\web\Application))
#18 C:\wamp64\www\PWS\2Ano\SIS\API\SISPSI\vendor\yiisoft\yii2\web\Application.php(69): yii\base\Application->bootstrap()
#19 C:\wamp64\www\PWS\2Ano\SIS\API\SISPSI\vendor\yiisoft\yii2\base\Application.php(271): yii\web\Application->bootstrap()
#20 C:\wamp64\www\PWS\2Ano\SIS\API\SISPSI\vendor\yiisoft\yii2\base\BaseObject.php(109): yii\base\Application->init()
#21 C:\wamp64\www\PWS\2Ano\SIS\API\SISPSI\vendor\yiisoft\yii2\base\Application.php(204): yii\base\BaseObject->__construct(Array)
#22 C:\wamp64\www\PWS\2Ano\SIS\API\SISPSI\backend\web\index.php(18): yii\base\Application->__construct(Array)
#23 {main}
2024-01-05 19:23:57 [127.0.0.1][-][-][info][application] $_GET = []

$_POST = []

$_FILES = []

$_COOKIE = []

$_SERVER = [
    'REDIRECT_STATUS' => '200'
    'HTTP_HOST' => '127.0.0.1'
    'HTTP_USER_AGENT' => 'insomnia/2022.7.5'
    'HTTP_ACCEPT' => '*/*'
    'PATH' => 'C:\\Program Files\\Common Files\\Oracle\\Java\\javapath;C:\\Program Files (x86)\\VMware\\VMware Workstation\\bin\\;C:\\Windows\\system32;C:\\Windows;C:\\Windows\\System32\\Wbem;C:\\Windows\\System32\\WindowsPowerShell\\v1.0\\;C:\\Windows\\System32\\OpenSSH\\;C:\\Program Files\\Git\\cmd;C:\\Program Files\\Docker\\Docker\\resources\\bin;C:\\Program Files\\NVIDIA Corporation\\NVIDIA NvDLISR;C:\\Program Files (x86)\\NVIDIA Corporation\\PhysX\\Common;C:\\ProgramData\\chocolatey\\bin;C:\\Code\\Prog\\CMake\\cmake\\bin;C:\\Code\\Prog\\MinGW\\mingw\\bin;C:\\Program Files\\Microsoft SQL Server\\150\\Tools\\Binn\\;C:\\Program Files\\Microsoft SQL Server\\Client SDK\\ODBC\\170\\Tools\\Binn\\;C:\\Program Files\\dotnet\\;C:\\xampp\\php;C:\\composer;C:\\Program Files\\nodejs\\;C:\\MinGW\\bin;C:\\Program Files\\starship\\bin\\;C:\\Program Files\\MySQL\\MySQL Workbench 8.0 CE\\;C:\\Program Files\\CMake\\bin;C:\\Program Files (x86)\\Microsoft SQL Server\\160\\Tools\\Binn\\;C:\\Program Files\\Microsoft SQL Server\\160\\Tools\\Binn\\;C:\\Program Files\\Microsoft SQL Server\\160\\DTS\\Binn\\;C:\\Program Files\\Gradle\\gradle-8.3\\bin;C:\\Program Files\\PowerShell\\7-preview\\preview;C:\\Program Files\\PowerShell\\7\\;C:\\Program Files\\mosquitto;C:\\Windows\\system32\\config\\systemprofile\\AppData\\Local\\Microsoft\\WindowsApps'
    'SystemRoot' => 'C:\\Windows'
    'COMSPEC' => 'C:\\Windows\\system32\\cmd.exe'
    'PATHEXT' => '.COM;.EXE;.BAT;.CMD;.VBS;.VBE;.JS;.JSE;.WSF;.WSH;.MSC'
    'WINDIR' => 'C:\\Windows'
    'SERVER_SIGNATURE' => '<address>Apache/2.4.54 (Win64) PHP/8.2.0 mod_fcgid/2.3.10-dev Server at 127.0.0.1 Port 80</address>
'
    'SERVER_SOFTWARE' => 'Apache/2.4.54 (Win64) PHP/8.2.0 mod_fcgid/2.3.10-dev'
    'SERVER_NAME' => '127.0.0.1'
    'SERVER_ADDR' => '127.0.0.1'
    'SERVER_PORT' => '80'
    'REMOTE_ADDR' => '127.0.0.1'
    'DOCUMENT_ROOT' => 'C:/wamp64/www'
    'REQUEST_SCHEME' => 'http'
    'CONTEXT_PREFIX' => ''
    'CONTEXT_DOCUMENT_ROOT' => 'C:/wamp64/www'
    'SERVER_ADMIN' => 'wampserver@wampserver.invalid'
    'SCRIPT_FILENAME' => 'C:/wamp64/www/PWS/2Ano/SIS/API/SISPSI/backend/web/index.php'
    'REMOTE_PORT' => '50361'
    'REDIRECT_URL' => '/PWS/2Ano/SIS/API/SISPSI/backend/web/api/courses'
    'GATEWAY_INTERFACE' => 'CGI/1.1'
    'SERVER_PROTOCOL' => 'HTTP/1.1'
    'REQUEST_METHOD' => 'GET'
    'QUERY_STRING' => ''
    'REQUEST_URI' => '/PWS/2Ano/SIS/API/SISPSI/backend/web/api/courses'
    'SCRIPT_NAME' => '/PWS/2Ano/SIS/API/SISPSI/backend/web/index.php'
    'PHP_SELF' => '/PWS/2Ano/SIS/API/SISPSI/backend/web/index.php'
    'PHP_AUTH_USER' => '***'
    'PHP_AUTH_PW' => '***'
    'REQUEST_TIME_FLOAT' => 1704482637.7336
    'REQUEST_TIME' => 1704482637
]
2024-01-05 19:25:34 [127.0.0.1][-][-][error][yii\base\UnknownPropertyException] yii\base\UnknownPropertyException: Setting unknown property: yii\rest\UrlRule::0 in C:\wamp64\www\PWS\2Ano\SIS\API\SISPSI\vendor\yiisoft\yii2\base\BaseObject.php:163
Stack trace:
#0 C:\wamp64\www\PWS\2Ano\SIS\API\SISPSI\vendor\yiisoft\yii2\BaseYii.php(558): yii\base\BaseObject->__set('0', Array)
#1 C:\wamp64\www\PWS\2Ano\SIS\API\SISPSI\vendor\yiisoft\yii2\base\BaseObject.php(107): yii\BaseYii::configure(Object(yii\rest\UrlRule), Array)
#2 [internal function]: yii\base\BaseObject->__construct(Array)
#3 C:\wamp64\www\PWS\2Ano\SIS\API\SISPSI\vendor\yiisoft\yii2\di\Container.php(419): ReflectionClass->newInstanceArgs(Array)
#4 C:\wamp64\www\PWS\2Ano\SIS\API\SISPSI\vendor\yiisoft\yii2\di\Container.php(170): yii\di\Container->build('yii\\rest\\UrlRul...', Array, Array)
#5 C:\wamp64\www\PWS\2Ano\SIS\API\SISPSI\vendor\yiisoft\yii2\BaseYii.php(365): yii\di\Container->get('yii\\rest\\UrlRul...', Array, Array)
#6 C:\wamp64\www\PWS\2Ano\SIS\API\SISPSI\vendor\yiisoft\yii2\web\UrlManager.php(246): yii\BaseYii::createObject(Array)
#7 C:\wamp64\www\PWS\2Ano\SIS\API\SISPSI\vendor\yiisoft\yii2\web\UrlManager.php(190): yii\web\UrlManager->buildRules(Array)
#8 C:\wamp64\www\PWS\2Ano\SIS\API\SISPSI\vendor\yiisoft\yii2\base\BaseObject.php(109): yii\web\UrlManager->init()
#9 [internal function]: yii\base\BaseObject->__construct(Array)
#10 C:\wamp64\www\PWS\2Ano\SIS\API\SISPSI\vendor\yiisoft\yii2\di\Container.php(419): ReflectionClass->newInstanceArgs(Array)
#11 C:\wamp64\www\PWS\2Ano\SIS\API\SISPSI\vendor\yiisoft\yii2\di\Container.php(170): yii\di\Container->build('yii\\web\\UrlMana...', Array, Array)
#12 C:\wamp64\www\PWS\2Ano\SIS\API\SISPSI\vendor\yiisoft\yii2\BaseYii.php(365): yii\di\Container->get('yii\\web\\UrlMana...', Array, Array)
#13 C:\wamp64\www\PWS\2Ano\SIS\API\SISPSI\vendor\yiisoft\yii2\di\ServiceLocator.php(137): yii\BaseYii::createObject(Array)
#14 C:\wamp64\www\PWS\2Ano\SIS\API\SISPSI\vendor\yiisoft\yii2\base\Module.php(766): yii\di\ServiceLocator->get('urlManager', true)
#15 C:\wamp64\www\PWS\2Ano\SIS\API\SISPSI\vendor\yiisoft\yii2\base\Application.php(569): yii\base\Module->get('urlManager')
#16 C:\wamp64\www\PWS\2Ano\SIS\API\SISPSI\vendor\yiisoft\yii2-debug\src\Module.php(284): yii\base\Application->getUrlManager()
#17 C:\wamp64\www\PWS\2Ano\SIS\API\SISPSI\vendor\yiisoft\yii2\base\Application.php(325): yii\debug\Module->bootstrap(Object(yii\web\Application))
#18 C:\wamp64\www\PWS\2Ano\SIS\API\SISPSI\vendor\yiisoft\yii2\web\Application.php(69): yii\base\Application->bootstrap()
#19 C:\wamp64\www\PWS\2Ano\SIS\API\SISPSI\vendor\yiisoft\yii2\base\Application.php(271): yii\web\Application->bootstrap()
#20 C:\wamp64\www\PWS\2Ano\SIS\API\SISPSI\vendor\yiisoft\yii2\base\BaseObject.php(109): yii\base\Application->init()
#21 C:\wamp64\www\PWS\2Ano\SIS\API\SISPSI\vendor\yiisoft\yii2\base\Application.php(204): yii\base\BaseObject->__construct(Array)
#22 C:\wamp64\www\PWS\2Ano\SIS\API\SISPSI\backend\web\index.php(18): yii\base\Application->__construct(Array)
#23 {main}
2024-01-05 19:25:34 [127.0.0.1][-][-][info][application] $_GET = []

$_POST = []

$_FILES = []

$_COOKIE = []

$_SERVER = [
    'REDIRECT_STATUS' => '200'
    'HTTP_HOST' => '127.0.0.1'
    'HTTP_USER_AGENT' => 'insomnia/2022.7.5'
    'HTTP_ACCEPT' => '*/*'
    'PATH' => 'C:\\Program Files\\Common Files\\Oracle\\Java\\javapath;C:\\Program Files (x86)\\VMware\\VMware Workstation\\bin\\;C:\\Windows\\system32;C:\\Windows;C:\\Windows\\System32\\Wbem;C:\\Windows\\System32\\WindowsPowerShell\\v1.0\\;C:\\Windows\\System32\\OpenSSH\\;C:\\Program Files\\Git\\cmd;C:\\Program Files\\Docker\\Docker\\resources\\bin;C:\\Program Files\\NVIDIA Corporation\\NVIDIA NvDLISR;C:\\Program Files (x86)\\NVIDIA Corporation\\PhysX\\Common;C:\\ProgramData\\chocolatey\\bin;C:\\Code\\Prog\\CMake\\cmake\\bin;C:\\Code\\Prog\\MinGW\\mingw\\bin;C:\\Program Files\\Microsoft SQL Server\\150\\Tools\\Binn\\;C:\\Program Files\\Microsoft SQL Server\\Client SDK\\ODBC\\170\\Tools\\Binn\\;C:\\Program Files\\dotnet\\;C:\\xampp\\php;C:\\composer;C:\\Program Files\\nodejs\\;C:\\MinGW\\bin;C:\\Program Files\\starship\\bin\\;C:\\Program Files\\MySQL\\MySQL Workbench 8.0 CE\\;C:\\Program Files\\CMake\\bin;C:\\Program Files (x86)\\Microsoft SQL Server\\160\\Tools\\Binn\\;C:\\Program Files\\Microsoft SQL Server\\160\\Tools\\Binn\\;C:\\Program Files\\Microsoft SQL Server\\160\\DTS\\Binn\\;C:\\Program Files\\Gradle\\gradle-8.3\\bin;C:\\Program Files\\PowerShell\\7-preview\\preview;C:\\Program Files\\PowerShell\\7\\;C:\\Program Files\\mosquitto;C:\\Windows\\system32\\config\\systemprofile\\AppData\\Local\\Microsoft\\WindowsApps'
    'SystemRoot' => 'C:\\Windows'
    'COMSPEC' => 'C:\\Windows\\system32\\cmd.exe'
    'PATHEXT' => '.COM;.EXE;.BAT;.CMD;.VBS;.VBE;.JS;.JSE;.WSF;.WSH;.MSC'
    'WINDIR' => 'C:\\Windows'
    'SERVER_SIGNATURE' => '<address>Apache/2.4.54 (Win64) PHP/8.2.0 mod_fcgid/2.3.10-dev Server at 127.0.0.1 Port 80</address>
'
    'SERVER_SOFTWARE' => 'Apache/2.4.54 (Win64) PHP/8.2.0 mod_fcgid/2.3.10-dev'
    'SERVER_NAME' => '127.0.0.1'
    'SERVER_ADDR' => '127.0.0.1'
    'SERVER_PORT' => '80'
    'REMOTE_ADDR' => '127.0.0.1'
    'DOCUMENT_ROOT' => 'C:/wamp64/www'
    'REQUEST_SCHEME' => 'http'
    'CONTEXT_PREFIX' => ''
    'CONTEXT_DOCUMENT_ROOT' => 'C:/wamp64/www'
    'SERVER_ADMIN' => 'wampserver@wampserver.invalid'
    'SCRIPT_FILENAME' => 'C:/wamp64/www/PWS/2Ano/SIS/API/SISPSI/backend/web/index.php'
    'REMOTE_PORT' => '50365'
    'REDIRECT_URL' => '/PWS/2Ano/SIS/API/SISPSI/backend/web/api/courses'
    'GATEWAY_INTERFACE' => 'CGI/1.1'
    'SERVER_PROTOCOL' => 'HTTP/1.1'
    'REQUEST_METHOD' => 'GET'
    'QUERY_STRING' => ''
    'REQUEST_URI' => '/PWS/2Ano/SIS/API/SISPSI/backend/web/api/courses'
    'SCRIPT_NAME' => '/PWS/2Ano/SIS/API/SISPSI/backend/web/index.php'
    'PHP_SELF' => '/PWS/2Ano/SIS/API/SISPSI/backend/web/index.php'
    'PHP_AUTH_USER' => '***'
    'PHP_AUTH_PW' => '***'
    'REQUEST_TIME_FLOAT' => 1704482734.9285
    'REQUEST_TIME' => 1704482734
]
